<?xml version="1.0" encoding="UTF-8"?>
<coverage generated="1788972230239" clover="3.2.0">
  <project timestamp="1788972230239" name="All files">
    <metrics statements="2056" coveredstatements="1729" conditionals="1604" coveredconditionals="1144" methods="218" coveredmethods="207" elements="3878" coveredelements="3080" complexity="0" loc="2056" ncloc="2056" packages="3" files="17" classes="17"/>
    <package name="reader">
      <metrics statements="1744" coveredstatements="1453" conditionals="1375" coveredconditionals="976" methods="194" coveredmethods="183"/>
      <file name="buffer.ts" path="C:\Users\micro\.vscode\microegor\pdf\src\reader\buffer.ts">
        <metrics statements="129" coveredstatements="128" conditionals="90" coveredconditionals="87" methods="28" coveredmethods="28"/>
        <line num="13" count="11" type="stmt"/>
        <line num="14" count="11" type="stmt"/>
        <line num="15" count="11" type="stmt"/>
        <line num="16" count="11" type="stmt"/>
        <line num="17" count="11" type="stmt"/>
        <line num="18" count="11" type="stmt"/>
        <line num="21" count="11" type="stmt"/>
        <line num="22" count="11" type="stmt"/>
        <line num="23" count="11" type="stmt"/>
        <line num="24" count="11" type="stmt"/>
        <line num="25" count="11" type="stmt"/>
        <line num="26" count="11" type="stmt"/>
        <line num="27" count="11" type="stmt"/>
        <line num="28" count="11" type="stmt"/>
        <line num="29" count="11" type="stmt"/>
        <line num="30" count="11" type="stmt"/>
        <line num="33" count="11" type="stmt"/>
        <line num="34" count="11" type="stmt"/>
        <line num="35" count="11" type="stmt"/>
        <line num="36" count="11" type="stmt"/>
        <line num="37" count="11" type="stmt"/>
        <line num="40" count="11" type="stmt"/>
        <line num="41" count="11" type="stmt"/>
        <line num="42" count="11" type="stmt"/>
        <line num="43" count="11" type="stmt"/>
        <line num="46" count="11" type="stmt"/>
        <line num="47" count="11" type="stmt"/>
        <line num="53" count="11" type="stmt"/>
        <line num="54" count="11" type="stmt"/>
        <line num="55" count="11" type="stmt"/>
        <line num="56" count="11" type="stmt"/>
        <line num="57" count="11" type="stmt"/>
        <line num="58" count="11" type="stmt"/>
        <line num="59" count="11" type="stmt"/>
        <line num="62" count="11" type="stmt"/>
        <line num="63" count="11" type="stmt"/>
        <line num="64" count="11" type="stmt"/>
        <line num="67" count="11" type="stmt"/>
        <line num="68" count="11" type="stmt"/>
        <line num="69" count="11" type="stmt"/>
        <line num="71" count="11" type="stmt"/>
        <line num="72" count="11" type="stmt"/>
        <line num="82" count="400" type="stmt"/>
        <line num="89" count="9539" type="stmt"/>
        <line num="96" count="4" type="stmt"/>
        <line num="103" count="10321" type="cond" truecount="2" falsecount="0"/>
        <line num="110" count="2" type="stmt"/>
        <line num="117" count="159" type="cond" truecount="2" falsecount="0"/>
        <line num="124" count="6647" type="stmt"/>
        <line num="131" count="1" type="stmt"/>
        <line num="138" count="1" type="stmt"/>
        <line num="145" count="2" type="stmt"/>
        <line num="156" count="10913" type="stmt"/>
        <line num="165" count="3" type="cond" truecount="2" falsecount="0"/>
        <line num="172" count="6926" type="cond" truecount="2" falsecount="0"/>
        <line num="179" count="26" type="stmt"/>
        <line num="190" count="3396" type="stmt"/>
        <line num="208" count="1667" type="cond" truecount="4" falsecount="0"/>
        <line num="219" count="5740" type="cond" truecount="2" falsecount="0"/>
        <line num="220" count="442" type="stmt"/>
        <line num="222" count="5298" type="stmt"/>
        <line num="223" count="9611" type="cond" truecount="2" falsecount="0"/>
        <line num="224" count="4299" type="stmt"/>
        <line num="227" count="999" type="stmt"/>
        <line num="234" count="4734" type="stmt"/>
        <line num="241" count="414" type="stmt"/>
        <line num="242" count="641" type="stmt"/>
        <line num="243" count="641" type="cond" truecount="4" falsecount="0"/>
        <line num="244" count="227" type="stmt"/>
        <line num="246" count="414" type="stmt"/>
        <line num="255" count="6" type="stmt"/>
        <line num="256" count="21" type="stmt"/>
        <line num="257" count="21" type="stmt"/>
        <line num="258" count="21" type="cond" truecount="2" falsecount="0"/>
        <line num="259" count="4" type="stmt"/>
        <line num="261" count="17" type="cond" truecount="2" falsecount="0"/>
        <line num="263" count="2" type="cond" truecount="2" falsecount="0"/>
        <line num="264" count="1" type="stmt"/>
        <line num="266" count="2" type="stmt"/>
        <line num="275" count="4" type="cond" truecount="2" falsecount="0"/>
        <line num="276" count="3" type="stmt"/>
        <line num="284" count="3518" type="stmt"/>
        <line num="285" count="5632" type="stmt"/>
        <line num="286" count="5632" type="cond" truecount="4" falsecount="0"/>
        <line num="287" count="2126" type="stmt"/>
        <line num="288" count="3506" type="cond" truecount="2" falsecount="0"/>
        <line num="289" count="2" type="stmt"/>
        <line num="291" count="3504" type="stmt"/>
        <line num="309" count="2" type="stmt"/>
        <line num="310" count="2" type="stmt"/>
        <line num="311" count="7" type="cond" truecount="2" falsecount="0"/>
        <line num="312" count="1" type="stmt"/>
        <line num="315" count="1" type="stmt"/>
        <line num="327" count="120" type="cond" truecount="2" falsecount="0"/>
        <line num="328" count="120" type="stmt"/>
        <line num="329" count="935" type="cond" truecount="2" falsecount="0"/>
        <line num="330" count="118" type="stmt"/>
        <line num="333" count="2" type="stmt"/>
        <line num="344" count="24" type="cond" truecount="4" falsecount="0"/>
        <line num="345" count="14" type="stmt"/>
        <line num="347" count="10" type="cond" truecount="4" falsecount="0"/>
        <line num="348" count="5" type="stmt"/>
        <line num="350" count="5" type="cond" truecount="4" falsecount="0"/>
        <line num="351" count="2" type="stmt"/>
        <line num="353" count="3" type="stmt"/>
        <line num="363" count="1939" type="stmt"/>
        <line num="364" count="1939" type="stmt"/>
        <line num="365" count="1939" type="stmt"/>
        <line num="366" count="1940" type="stmt"/>
        <line num="367" count="1940" type="stmt"/>
        <line num="368" count="1940" type="stmt"/>
        <line num="369" count="42431" type="cond" truecount="1" falsecount="1"/>
        <line num="371" count="1940" type="stmt"/>
        <line num="373" count="1939" type="stmt"/>
        <line num="380" count="590" type="stmt"/>
        <line num="381" count="590" type="stmt"/>
        <line num="382" count="590" type="stmt"/>
        <line num="384" count="590" type="cond" truecount="2" falsecount="0"/>
        <line num="385" count="1" type="stmt"/>
        <line num="386" count="1" type="stmt"/>
        <line num="387" count="589" type="cond" truecount="1" falsecount="1"/>
        <line num="388" count="0" type="stmt"/>
        <line num="391" count="590" type="stmt"/>
        <line num="392" count="3127" type="stmt"/>
        <line num="393" count="3127" type="cond" truecount="4" falsecount="1"/>
        <line num="394" count="3127" type="stmt"/>
        <line num="396" count="3127" type="stmt"/>
        <line num="399" count="590" type="cond" truecount="2" falsecount="0"/>
        <line num="407" count="2" type="stmt"/>
      </file>
      <file name="diff.ts" path="C:\Users\micro\.vscode\microegor\pdf\src\reader\diff.ts">
        <metrics statements="131" coveredstatements="123" conditionals="120" coveredconditionals="101" methods="10" coveredmethods="10"/>
        <line num="77" count="6" type="stmt"/>
        <line num="89" count="51" type="stmt"/>
        <line num="99" count="223" type="cond" truecount="4" falsecount="0"/>
        <line num="101" count="221" type="cond" truecount="4" falsecount="0"/>
        <line num="104" count="218" type="cond" truecount="2" falsecount="0"/>
        <line num="106" count="213" type="cond" truecount="2" falsecount="0"/>
        <line num="107" count="211" type="stmt"/>
        <line num="108" count="211" type="cond" truecount="2" falsecount="0"/>
        <line num="111" count="210" type="cond" truecount="2" falsecount="0"/>
        <line num="112" count="209" type="cond" truecount="1" falsecount="1"/>
        <line num="113" count="209" type="stmt"/>
        <line num="115" count="209" type="cond" truecount="10" falsecount="1"/>
        <line num="117" count="1" type="stmt"/>
        <line num="120" count="3" type="stmt"/>
        <line num="123" count="19" type="stmt"/>
        <line num="127" count="6" type="stmt"/>
        <line num="130" count="2" type="stmt"/>
        <line num="133" count="3" type="stmt"/>
        <line num="139" count="167" type="stmt"/>
        <line num="140" count="167" type="stmt"/>
        <line num="141" count="167" type="cond" truecount="2" falsecount="0"/>
        <line num="142" count="166" type="stmt"/>
        <line num="143" count="166" type="cond" truecount="2" falsecount="0"/>
        <line num="144" count="102" type="stmt"/>
        <line num="147" count="64" type="stmt"/>
        <line num="151" count="6" type="stmt"/>
        <line num="152" count="6" type="stmt"/>
        <line num="153" count="6" type="cond" truecount="2" falsecount="0"/>
        <line num="154" count="5" type="stmt"/>
        <line num="155" count="4" type="stmt"/>
        <line num="156" count="4" type="cond" truecount="2" falsecount="0"/>
        <line num="158" count="3" type="stmt"/>
        <line num="162" count="2" type="stmt"/>
        <line num="163" count="2" type="stmt"/>
        <line num="165" count="2" type="cond" truecount="1" falsecount="1"/>
        <line num="166" count="0" type="stmt"/>
        <line num="169" count="2" type="cond" truecount="2" falsecount="0"/>
        <line num="170" count="1" type="stmt"/>
        <line num="174" count="0" type="stmt"/>
        <line num="179" count="12" type="cond" truecount="1" falsecount="1"/>
        <line num="180" count="12" type="stmt"/>
        <line num="181" count="26" type="cond" truecount="2" falsecount="0"/>
        <line num="183" count="6" type="stmt"/>
        <line num="198" count="11" type="stmt"/>
        <line num="199" count="11" type="stmt"/>
        <line num="200" count="11" type="stmt"/>
        <line num="201" count="11" type="stmt"/>
        <line num="202" count="11" type="stmt"/>
        <line num="204" count="11" type="cond" truecount="2" falsecount="0"/>
        <line num="205" count="11" type="cond" truecount="2" falsecount="0"/>
        <line num="208" count="11" type="stmt"/>
        <line num="210" count="11" type="stmt"/>
        <line num="211" count="12" type="stmt"/>
        <line num="212" count="12" type="stmt"/>
        <line num="214" count="12" type="cond" truecount="4" falsecount="0"/>
        <line num="215" count="2" type="stmt"/>
        <line num="216" count="2" type="stmt"/>
        <line num="217" count="10" type="cond" truecount="4" falsecount="0"/>
        <line num="218" count="2" type="stmt"/>
        <line num="219" count="2" type="stmt"/>
        <line num="220" count="8" type="cond" truecount="2" falsecount="0"/>
        <line num="221" count="2" type="stmt"/>
        <line num="222" count="2" type="stmt"/>
        <line num="224" count="6" type="stmt"/>
        <line num="225" count="6" type="stmt"/>
        <line num="230" count="11" type="stmt"/>
        <line num="231" count="2" type="stmt"/>
        <line num="232" count="2" type="cond" truecount="2" falsecount="2"/>
        <line num="235" count="11" type="stmt"/>
        <line num="250" count="7" type="stmt"/>
        <line num="251" count="7" type="stmt"/>
        <line num="252" count="7" type="stmt"/>
        <line num="253" count="7" type="stmt"/>
        <line num="254" count="7" type="stmt"/>
        <line num="256" count="7" type="cond" truecount="2" falsecount="0"/>
        <line num="257" count="7" type="cond" truecount="2" falsecount="0"/>
        <line num="258" count="7" type="stmt"/>
        <line num="260" count="7" type="stmt"/>
        <line num="261" count="8" type="stmt"/>
        <line num="262" count="8" type="stmt"/>
        <line num="264" count="8" type="cond" truecount="4" falsecount="0"/>
        <line num="265" count="2" type="stmt"/>
        <line num="266" count="2" type="stmt"/>
        <line num="267" count="6" type="cond" truecount="4" falsecount="0"/>
        <line num="268" count="2" type="stmt"/>
        <line num="269" count="2" type="stmt"/>
        <line num="270" count="4" type="cond" truecount="2" falsecount="0"/>
        <line num="271" count="1" type="stmt"/>
        <line num="272" count="1" type="cond" truecount="1" falsecount="1"/>
        <line num="273" count="1" type="cond" truecount="1" falsecount="1"/>
        <line num="274" count="1" type="stmt"/>
        <line num="275" count="1" type="stmt"/>
        <line num="277" count="3" type="stmt"/>
        <line num="278" count="3" type="stmt"/>
        <line num="283" count="7" type="stmt"/>
        <line num="284" count="2" type="stmt"/>
        <line num="285" count="2" type="cond" truecount="2" falsecount="2"/>
        <line num="288" count="7" type="stmt"/>
        <line num="295" count="6" type="stmt"/>
        <line num="305" count="5" type="cond" truecount="3" falsecount="1"/>
        <line num="306" count="0" type="stmt"/>
        <line num="316" count="5" type="cond" truecount="4" falsecount="0"/>
        <line num="317" count="1" type="stmt"/>
        <line num="328" count="4" type="stmt"/>
        <line num="330" count="4" type="cond" truecount="3" falsecount="0"/>
        <line num="333" count="5" type="stmt"/>
        <line num="334" count="5" type="stmt"/>
        <line num="335" count="5" type="stmt"/>
        <line num="337" count="5" type="stmt"/>
        <line num="351" count="5" type="stmt"/>
        <line num="352" count="5" type="stmt"/>
        <line num="354" count="5" type="cond" truecount="2" falsecount="3"/>
        <line num="355" count="0" type="stmt"/>
        <line num="356" count="0" type="stmt"/>
        <line num="357" count="0" type="stmt"/>
        <line num="358" count="0" type="stmt"/>
        <line num="359" count="0" type="stmt"/>
        <line num="363" count="4" type="cond" truecount="3" falsecount="1"/>
        <line num="364" count="4" type="stmt"/>
        <line num="365" count="4" type="stmt"/>
        <line num="368" count="4" type="stmt"/>
        <line num="376" count="8" type="cond" truecount="3" falsecount="1"/>
        <line num="377" count="8" type="stmt"/>
        <line num="378" count="8" type="stmt"/>
        <line num="379" count="8" type="stmt"/>
        <line num="380" count="22" type="cond" truecount="1" falsecount="1"/>
        <line num="382" count="8" type="stmt"/>
        <line num="390" count="8" type="stmt"/>
        <line num="391" count="8" type="stmt"/>
        <line num="392" count="22" type="cond" truecount="1" falsecount="1"/>
        <line num="394" count="8" type="stmt"/>
      </file>
      <file name="document.ts" path="C:\Users\micro\.vscode\microegor\pdf\src\reader\document.ts">
        <metrics statements="86" coveredstatements="76" conditionals="65" coveredconditionals="44" methods="20" coveredmethods="19"/>
        <line num="29" count="1" type="stmt"/>
        <line num="36" count="1" type="stmt"/>
        <line num="45" count="0" type="stmt"/>
        <line num="56" count="2" type="stmt"/>
        <line num="57" count="2" type="stmt"/>
        <line num="58" count="2" type="cond" truecount="2" falsecount="0"/>
        <line num="69" count="5" type="stmt"/>
        <line num="70" count="5" type="cond" truecount="1" falsecount="1"/>
        <line num="72" count="5" type="stmt"/>
        <line num="73" count="5" type="cond" truecount="1" falsecount="1"/>
        <line num="75" count="5" type="stmt"/>
        <line num="76" count="5" type="cond" truecount="1" falsecount="1"/>
        <line num="78" count="5" type="stmt"/>
        <line num="85" count="3" type="stmt"/>
        <line num="86" count="3" type="cond" truecount="1" falsecount="1"/>
        <line num="88" count="3" type="stmt"/>
        <line num="89" count="3" type="stmt"/>
        <line num="90" count="3" type="stmt"/>
        <line num="104" count="6" type="stmt"/>
        <line num="105" count="6" type="cond" truecount="1" falsecount="1"/>
        <line num="106" count="0" type="stmt"/>
        <line num="110" count="0" type="stmt"/>
        <line num="113" count="6" type="stmt"/>
        <line num="114" count="6" type="cond" truecount="1" falsecount="1"/>
        <line num="116" count="6" type="cond" truecount="2" falsecount="0"/>
        <line num="117" count="3" type="stmt"/>
        <line num="118" count="3" type="stmt"/>
        <line num="121" count="3" type="cond" truecount="1" falsecount="1"/>
        <line num="122" count="3" type="stmt"/>
        <line num="123" count="3" type="cond" truecount="1" falsecount="1"/>
        <line num="125" count="3" type="stmt"/>
        <line num="126" count="3" type="cond" truecount="1" falsecount="1"/>
        <line num="128" count="3" type="stmt"/>
        <line num="130" count="3" type="cond" truecount="1" falsecount="1"/>
        <line num="131" count="3" type="stmt"/>
        <line num="132" count="3" type="cond" truecount="1" falsecount="1"/>
        <line num="133" count="0" type="stmt"/>
        <line num="137" count="0" type="stmt"/>
        <line num="139" count="3" type="stmt"/>
        <line num="142" count="3" type="stmt"/>
        <line num="143" count="3" type="cond" truecount="1" falsecount="1"/>
        <line num="144" count="3" type="stmt"/>
        <line num="154" count="1" type="stmt"/>
        <line num="155" count="1" type="cond" truecount="1" falsecount="1"/>
        <line num="157" count="1" type="stmt"/>
        <line num="158" count="1" type="cond" truecount="1" falsecount="1"/>
        <line num="160" count="1" type="stmt"/>
        <line num="167" count="2" type="stmt"/>
        <line num="168" count="2" type="cond" truecount="2" falsecount="0"/>
        <line num="179" count="11" type="stmt"/>
        <line num="180" count="11" type="cond" truecount="2" falsecount="0"/>
        <line num="181" count="9" type="stmt"/>
        <line num="190" count="5" type="stmt"/>
        <line num="191" count="5" type="cond" truecount="2" falsecount="0"/>
        <line num="193" count="4" type="cond" truecount="4" falsecount="0"/>
        <line num="194" count="3" type="stmt"/>
        <line num="197" count="1" type="cond" truecount="1" falsecount="1"/>
        <line num="201" count="1" type="stmt"/>
        <line num="204" count="0" type="stmt"/>
        <line num="211" count="2" type="stmt"/>
        <line num="212" count="2" type="cond" truecount="2" falsecount="0"/>
        <line num="213" count="1" type="stmt"/>
        <line num="220" count="1" type="stmt"/>
        <line num="221" count="1" type="cond" truecount="1" falsecount="1"/>
        <line num="222" count="1" type="stmt"/>
        <line num="233" count="1" type="stmt"/>
        <line num="234" count="1" type="cond" truecount="1" falsecount="1"/>
        <line num="235" count="1" type="stmt"/>
        <line num="246" count="2" type="stmt"/>
        <line num="247" count="2" type="cond" truecount="2" falsecount="0"/>
        <line num="248" count="1" type="stmt"/>
        <line num="255" count="2" type="stmt"/>
        <line num="256" count="2" type="cond" truecount="2" falsecount="0"/>
        <line num="257" count="1" type="stmt"/>
        <line num="264" count="1" type="stmt"/>
        <line num="265" count="1" type="cond" truecount="1" falsecount="1"/>
        <line num="266" count="0" type="stmt"/>
        <line num="273" count="1" type="stmt"/>
        <line num="274" count="1" type="cond" truecount="1" falsecount="1"/>
        <line num="275" count="0" type="stmt"/>
        <line num="282" count="1" type="stmt"/>
        <line num="283" count="1" type="cond" truecount="1" falsecount="1"/>
        <line num="284" count="0" type="stmt"/>
        <line num="291" count="1" type="stmt"/>
        <line num="292" count="1" type="cond" truecount="1" falsecount="1"/>
        <line num="293" count="0" type="stmt"/>
      </file>
      <file name="encoding.ts" path="C:\Users\micro\.vscode\microegor\pdf\src\reader\encoding.ts">
        <metrics statements="27" coveredstatements="27" conditionals="19" coveredconditionals="17" methods="5" coveredmethods="5"/>
        <line num="4" count="16" type="cond" truecount="2" falsecount="0"/>
        <line num="5" count="15" type="cond" truecount="5" falsecount="0"/>
        <line num="6" count="3" type="stmt"/>
        <line num="8" count="12" type="stmt"/>
        <line num="12" count="5" type="cond" truecount="2" falsecount="0"/>
        <line num="14" count="3" type="stmt"/>
        <line num="15" count="3" type="stmt"/>
        <line num="16" count="13" type="stmt"/>
        <line num="19" count="3" type="cond" truecount="4" falsecount="0"/>
        <line num="20" count="1" type="stmt"/>
        <line num="22" count="2" type="stmt"/>
        <line num="28" count="4" type="stmt"/>
        <line num="29" count="4" type="stmt"/>
        <line num="30" count="4" type="stmt"/>
        <line num="32" count="4" type="stmt"/>
        <line num="33" count="40" type="stmt"/>
        <line num="34" count="40" type="stmt"/>
        <line num="35" count="40" type="stmt"/>
        <line num="36" count="300004" type="cond" truecount="2" falsecount="2"/>
        <line num="38" count="40" type="stmt"/>
        <line num="41" count="4" type="stmt"/>
        <line num="45" count="12" type="stmt"/>
        <line num="46" count="12" type="stmt"/>
        <line num="47" count="27" type="stmt"/>
        <line num="49" count="12" type="stmt"/>
        <line num="53" count="27" type="stmt"/>
        <line num="98" count="27" type="cond" truecount="2" falsecount="0"/>
      </file>
      <file name="history-api.ts" path="C:\Users\micro\.vscode\microegor\pdf\src\reader\history-api.ts">
        <metrics statements="174" coveredstatements="126" conditionals="135" coveredconditionals="67" methods="17" coveredmethods="14"/>
        <line num="37" count="17" type="stmt"/>
        <line num="38" count="17" type="cond" truecount="2" falsecount="0"/>
        <line num="40" count="15" type="stmt"/>
        <line num="41" count="15" type="stmt"/>
        <line num="43" count="15" type="stmt"/>
        <line num="44" count="19" type="cond" truecount="3" falsecount="1"/>
        <line num="45" count="19" type="stmt"/>
        <line num="53" count="19" type="stmt"/>
        <line num="57" count="15" type="stmt"/>
        <line num="69" count="6" type="stmt"/>
        <line num="70" count="6" type="cond" truecount="2" falsecount="0"/>
        <line num="72" count="4" type="stmt"/>
        <line num="73" count="4" type="stmt"/>
        <line num="74" count="7" type="cond" truecount="3" falsecount="1"/>
        <line num="75" count="7" type="stmt"/>
        <line num="78" count="4" type="stmt"/>
        <line num="93" count="2" type="stmt"/>
        <line num="94" count="2" type="stmt"/>
        <line num="96" count="2" type="stmt"/>
        <line num="97" count="2" type="stmt"/>
        <line num="98" count="2" type="stmt"/>
        <line num="100" count="0" type="stmt"/>
        <line num="104" count="2" type="stmt"/>
        <line num="120" count="10" type="stmt"/>
        <line num="122" count="10" type="cond" truecount="4" falsecount="0"/>
        <line num="123" count="4" type="stmt"/>
        <line num="126" count="6" type="stmt"/>
        <line num="127" count="6" type="cond" truecount="1" falsecount="1"/>
        <line num="129" count="6" type="stmt"/>
        <line num="130" count="6" type="stmt"/>
        <line num="132" count="1" type="stmt"/>
        <line num="144" count="8" type="stmt"/>
        <line num="145" count="8" type="cond" truecount="1" falsecount="1"/>
        <line num="146" count="0" type="stmt"/>
        <line num="149" count="8" type="stmt"/>
        <line num="150" count="8" type="cond" truecount="1" falsecount="1"/>
        <line num="155" count="8" type="stmt"/>
        <line num="158" count="0" type="stmt"/>
        <line num="182" count="5" type="stmt"/>
        <line num="201" count="2" type="stmt"/>
        <line num="211" count="4" type="stmt"/>
        <line num="212" count="4" type="cond" truecount="1" falsecount="1"/>
        <line num="213" count="0" type="stmt"/>
        <line num="217" count="0" type="stmt"/>
        <line num="220" count="4" type="cond" truecount="2" falsecount="0"/>
        <line num="221" count="2" type="stmt"/>
        <line num="223" count="2" type="cond" truecount="1" falsecount="1"/>
        <line num="224" count="0" type="stmt"/>
        <line num="228" count="0" type="stmt"/>
        <line num="231" count="2" type="stmt"/>
        <line num="233" count="2" type="stmt"/>
        <line num="234" count="2" type="cond" truecount="1" falsecount="1"/>
        <line num="235" count="2" type="stmt"/>
        <line num="238" count="0" type="stmt"/>
        <line num="241" count="2" type="stmt"/>
        <line num="259" count="6" type="stmt"/>
        <line num="260" count="6" type="cond" truecount="2" falsecount="0"/>
        <line num="262" count="5" type="stmt"/>
        <line num="263" count="5" type="stmt"/>
        <line num="264" count="5" type="stmt"/>
        <line num="266" count="5" type="stmt"/>
        <line num="270" count="5" type="stmt"/>
        <line num="272" count="5" type="stmt"/>
        <line num="273" count="5" type="cond" truecount="1" falsecount="1"/>
        <line num="274" count="5" type="stmt"/>
        <line num="276" count="5" type="cond" truecount="2" falsecount="0"/>
        <line num="277" count="4" type="cond" truecount="1" falsecount="1"/>
        <line num="278" count="4" type="stmt"/>
        <line num="280" count="4" type="stmt"/>
        <line num="281" count="4" type="stmt"/>
        <line num="284" count="5" type="cond" truecount="1" falsecount="1"/>
        <line num="286" count="0" type="cond" truecount="0" falsecount="4"/>
        <line num="287" count="0" type="stmt"/>
        <line num="289" count="0" type="stmt"/>
        <line num="294" count="5" type="stmt"/>
        <line num="295" count="5" type="stmt"/>
        <line num="297" count="5" type="cond" truecount="2" falsecount="0"/>
        <line num="299" count="4" type="stmt"/>
        <line num="316" count="1" type="stmt"/>
        <line num="317" count="1" type="stmt"/>
        <line num="320" count="1" type="stmt"/>
        <line num="321" count="2" type="stmt"/>
        <line num="322" count="2" type="stmt"/>
        <line num="323" count="2" type="cond" truecount="1" falsecount="1"/>
        <line num="324" count="2" type="stmt"/>
        <line num="328" count="2" type="stmt"/>
        <line num="329" count="2" type="stmt"/>
        <line num="330" count="2" type="cond" truecount="1" falsecount="1"/>
        <line num="331" count="2" type="stmt"/>
        <line num="333" count="2" type="stmt"/>
        <line num="334" count="2" type="cond" truecount="1" falsecount="1"/>
        <line num="335" count="2" type="stmt"/>
        <line num="342" count="1" type="stmt"/>
        <line num="343" count="2" type="cond" truecount="1" falsecount="1"/>
        <line num="344" count="0" type="stmt"/>
        <line num="346" count="0" type="stmt"/>
        <line num="347" count="0" type="cond" truecount="0" falsecount="2"/>
        <line num="348" count="2" type="cond" truecount="1" falsecount="1"/>
        <line num="350" count="2" type="stmt"/>
        <line num="351" count="2" type="cond" truecount="1" falsecount="1"/>
        <line num="352" count="0" type="stmt"/>
        <line num="356" count="1" type="stmt"/>
        <line num="372" count="4" type="stmt"/>
        <line num="376" count="4" type="stmt"/>
        <line num="377" count="4" type="stmt"/>
        <line num="378" count="4" type="cond" truecount="1" falsecount="1"/>
        <line num="380" count="4" type="stmt"/>
        <line num="381" count="4" type="cond" truecount="2" falsecount="0"/>
        <line num="384" count="3" type="stmt"/>
        <line num="395" count="2" type="stmt"/>
        <line num="396" count="2" type="stmt"/>
        <line num="399" count="2" type="stmt"/>
        <line num="400" count="2" type="cond" truecount="2" falsecount="2"/>
        <line num="401" count="0" type="stmt"/>
        <line num="402" count="0" type="stmt"/>
        <line num="403" count="0" type="cond" truecount="0" falsecount="4"/>
        <line num="404" count="0" type="cond" truecount="0" falsecount="4"/>
        <line num="405" count="0" type="cond" truecount="0" falsecount="4"/>
        <line num="406" count="0" type="stmt"/>
        <line num="414" count="2" type="cond" truecount="2" falsecount="0"/>
        <line num="415" count="1" type="cond" truecount="1" falsecount="1"/>
        <line num="418" count="1" type="stmt"/>
        <line num="419" count="1" type="cond" truecount="1" falsecount="1"/>
        <line num="420" count="0" type="cond" truecount="0" falsecount="2"/>
        <line num="423" count="1" type="stmt"/>
        <line num="426" count="1" type="stmt"/>
        <line num="427" count="1" type="cond" truecount="2" falsecount="3"/>
        <line num="428" count="0" type="stmt"/>
        <line num="429" count="0" type="stmt"/>
        <line num="436" count="1" type="stmt"/>
        <line num="437" count="1" type="cond" truecount="3" falsecount="2"/>
        <line num="438" count="1" type="stmt"/>
        <line num="441" count="1" type="cond" truecount="1" falsecount="1"/>
        <line num="448" count="5" type="stmt"/>
        <line num="455" count="1" type="stmt"/>
        <line num="459" count="0" type="stmt"/>
        <line num="460" count="0" type="stmt"/>
        <line num="471" count="0" type="stmt"/>
        <line num="472" count="0" type="cond" truecount="0" falsecount="2"/>
        <line num="473" count="0" type="stmt"/>
        <line num="477" count="0" type="stmt"/>
        <line num="478" count="0" type="stmt"/>
        <line num="479" count="0" type="stmt"/>
        <line num="480" count="0" type="stmt"/>
        <line num="481" count="0" type="stmt"/>
        <line num="482" count="0" type="stmt"/>
        <line num="484" count="0" type="cond" truecount="0" falsecount="2"/>
        <line num="487" count="0" type="stmt"/>
        <line num="488" count="0" type="cond" truecount="0" falsecount="2"/>
        <line num="489" count="0" type="cond" truecount="0" falsecount="2"/>
        <line num="490" count="0" type="cond" truecount="0" falsecount="2"/>
        <line num="491" count="0" type="cond" truecount="0" falsecount="2"/>
        <line num="492" count="0" type="cond" truecount="0" falsecount="2"/>
        <line num="495" count="0" type="stmt"/>
        <line num="496" count="0" type="cond" truecount="0" falsecount="2"/>
        <line num="497" count="0" type="stmt"/>
        <line num="499" count="0" type="stmt"/>
        <line num="502" count="0" type="stmt"/>
        <line num="515" count="1" type="cond" truecount="3" falsecount="1"/>
        <line num="516" count="0" type="stmt"/>
        <line num="519" count="1" type="stmt"/>
        <line num="520" count="1" type="stmt"/>
        <line num="523" count="1" type="stmt"/>
        <line num="524" count="2" type="stmt"/>
        <line num="525" count="2" type="cond" truecount="3" falsecount="1"/>
        <line num="526" count="2" type="stmt"/>
        <line num="527" count="2" type="stmt"/>
        <line num="528" count="2" type="stmt"/>
        <line num="529" count="2" type="cond" truecount="1" falsecount="1"/>
        <line num="530" count="2" type="stmt"/>
        <line num="531" count="2" type="cond" truecount="1" falsecount="1"/>
        <line num="532" count="2" type="stmt"/>
        <line num="533" count="2" type="stmt"/>
        <line num="542" count="1" type="stmt"/>
      </file>
      <file name="history.ts" path="C:\Users\micro\.vscode\microegor\pdf\src\reader\history.ts">
        <metrics statements="388" coveredstatements="327" conditionals="312" coveredconditionals="228" methods="25" coveredmethods="22"/>
        <line num="66" count="309" type="cond" truecount="2" falsecount="0"/>
        <line num="67" count="5" type="stmt"/>
        <line num="69" count="304" type="cond" truecount="2" falsecount="0"/>
        <line num="70" count="294" type="stmt"/>
        <line num="75" count="10" type="cond" truecount="2" falsecount="0"/>
        <line num="76" count="6" type="stmt"/>
        <line num="81" count="4" type="cond" truecount="1" falsecount="1"/>
        <line num="82" count="309" type="stmt"/>
        <line num="96" count="60" type="stmt"/>
        <line num="97" count="60" type="stmt"/>
        <line num="98" count="60" type="stmt"/>
        <line num="99" count="60" type="stmt"/>
        <line num="100" count="60" type="stmt"/>
        <line num="104" count="60" type="stmt"/>
        <line num="107" count="60" type="stmt"/>
        <line num="110" count="60" type="stmt"/>
        <line num="112" count="106" type="stmt"/>
        <line num="113" count="106" type="stmt"/>
        <line num="114" count="106" type="cond" truecount="1" falsecount="1"/>
        <line num="118" count="106" type="stmt"/>
        <line num="119" count="106" type="stmt"/>
        <line num="120" count="225" type="stmt"/>
        <line num="124" count="106" type="stmt"/>
        <line num="125" count="106" type="stmt"/>
        <line num="127" count="225" type="cond" truecount="2" falsecount="0"/>
        <line num="129" count="2" type="stmt"/>
        <line num="130" count="2" type="cond" truecount="2" falsecount="2"/>
        <line num="131" count="0" type="stmt"/>
        <line num="134" count="2" type="stmt"/>
        <line num="135" count="2" type="cond" truecount="1" falsecount="1"/>
        <line num="136" count="2" type="stmt"/>
        <line num="139" count="2" type="cond" truecount="1" falsecount="1"/>
        <line num="140" count="0" type="stmt"/>
        <line num="141" count="0" type="stmt"/>
        <line num="144" count="225" type="stmt"/>
        <line num="148" count="106" type="stmt"/>
        <line num="152" count="106" type="stmt"/>
        <line num="154" count="225" type="cond" truecount="2" falsecount="0"/>
        <line num="156" count="220" type="stmt"/>
        <line num="157" count="220" type="cond" truecount="1" falsecount="1"/>
        <line num="159" count="220" type="stmt"/>
        <line num="160" count="220" type="stmt"/>
        <line num="161" count="220" type="cond" truecount="1" falsecount="1"/>
        <line num="168" count="225" type="cond" truecount="2" falsecount="1"/>
        <line num="170" count="225" type="cond" truecount="2" falsecount="0"/>
        <line num="172" count="220" type="cond" truecount="2" falsecount="0"/>
        <line num="173" count="2" type="stmt"/>
        <line num="174" count="2" type="stmt"/>
        <line num="175" count="2" type="stmt"/>
        <line num="178" count="218" type="cond" truecount="1" falsecount="1"/>
        <line num="182" count="220" type="stmt"/>
        <line num="183" count="220" type="stmt"/>
        <line num="186" count="220" type="cond" truecount="1" falsecount="1"/>
        <line num="187" count="0" type="stmt"/>
        <line num="189" count="218" type="stmt"/>
        <line num="195" count="218" type="stmt"/>
        <line num="196" count="218" type="cond" truecount="2" falsecount="0"/>
        <line num="197" count="2" type="stmt"/>
        <line num="199" count="218" type="stmt"/>
        <line num="206" count="106" type="cond" truecount="2" falsecount="0"/>
        <line num="211" count="104" type="stmt"/>
        <line num="212" count="218" type="stmt"/>
        <line num="213" count="218" type="cond" truecount="2" falsecount="0"/>
        <line num="215" count="4" type="stmt"/>
        <line num="216" count="4" type="cond" truecount="1" falsecount="1"/>
        <line num="218" count="4" type="cond" truecount="3" falsecount="1"/>
        <line num="219" count="0" type="stmt"/>
        <line num="220" count="0" type="stmt"/>
        <line num="221" count="0" type="stmt"/>
        <line num="224" count="4" type="stmt"/>
        <line num="225" count="4" type="cond" truecount="1" falsecount="1"/>
        <line num="226" count="4" type="stmt"/>
        <line num="227" count="4" type="cond" truecount="2" falsecount="0"/>
        <line num="229" count="2" type="cond" truecount="1" falsecount="1"/>
        <line num="230" count="0" type="stmt"/>
        <line num="231" count="0" type="stmt"/>
        <line num="232" count="0" type="stmt"/>
        <line num="235" count="2" type="stmt"/>
        <line num="240" count="2" type="stmt"/>
        <line num="241" count="2" type="stmt"/>
        <line num="242" count="2" type="stmt"/>
        <line num="243" count="2" type="cond" truecount="1" falsecount="1"/>
        <line num="245" count="4" type="cond" truecount="1" falsecount="1"/>
        <line num="248" count="104" type="cond" truecount="1" falsecount="1"/>
        <line num="253" count="60" type="stmt"/>
        <line num="272" count="220" type="cond" truecount="1" falsecount="1"/>
        <line num="273" count="0" type="stmt"/>
        <line num="275" count="220" type="stmt"/>
        <line num="292" count="0" type="cond" truecount="0" falsecount="2"/>
        <line num="293" count="0" type="stmt"/>
        <line num="295" count="0" type="stmt"/>
        <line num="309" count="220" type="stmt"/>
        <line num="310" count="220" type="cond" truecount="2" falsecount="0"/>
        <line num="311" count="205" type="stmt"/>
        <line num="312" count="205" type="stmt"/>
        <line num="316" count="220" type="stmt"/>
        <line num="324" count="2" type="cond" truecount="1" falsecount="1"/>
        <line num="325" count="2" type="stmt"/>
        <line num="326" count="2" type="cond" truecount="1" falsecount="1"/>
        <line num="327" count="2" type="stmt"/>
        <line num="328" count="2" type="stmt"/>
        <line num="330" count="2" type="stmt"/>
        <line num="338" count="0" type="stmt"/>
        <line num="339" count="0" type="cond" truecount="0" falsecount="2"/>
        <line num="340" count="0" type="stmt"/>
        <line num="341" count="0" type="cond" truecount="0" falsecount="2"/>
        <line num="349" count="10" type="cond" truecount="2" falsecount="0"/>
        <line num="350" count="4" type="stmt"/>
        <line num="352" count="6" type="stmt"/>
        <line num="362" count="5" type="cond" truecount="2" falsecount="0"/>
        <line num="363" count="4" type="stmt"/>
        <line num="375" count="193" type="stmt"/>
        <line num="376" count="193" type="cond" truecount="2" falsecount="0"/>
        <line num="378" count="8" type="stmt"/>
        <line num="379" count="8" type="stmt"/>
        <line num="380" count="8" type="stmt"/>
        <line num="384" count="66" type="stmt"/>
        <line num="385" count="66" type="stmt"/>
        <line num="386" count="81" type="stmt"/>
        <line num="387" count="81" type="cond" truecount="2" falsecount="0"/>
        <line num="389" count="66" type="stmt"/>
        <line num="396" count="4" type="stmt"/>
        <line num="397" count="8" type="stmt"/>
        <line num="398" count="8" type="cond" truecount="1" falsecount="1"/>
        <line num="400" count="4" type="stmt"/>
        <line num="409" count="71" type="stmt"/>
        <line num="410" count="71" type="cond" truecount="1" falsecount="1"/>
        <line num="411" count="71" type="stmt"/>
        <line num="434" count="66" type="stmt"/>
        <line num="435" count="66" type="stmt"/>
        <line num="438" count="66" type="stmt"/>
        <line num="441" count="66" type="stmt"/>
        <line num="442" count="81" type="stmt"/>
        <line num="443" count="81" type="cond" truecount="1" falsecount="1"/>
        <line num="445" count="81" type="stmt"/>
        <line num="447" count="204" type="cond" truecount="4" falsecount="0"/>
        <line num="448" count="182" type="stmt"/>
        <line num="453" count="66" type="stmt"/>
        <line num="454" count="66" type="stmt"/>
        <line num="455" count="66" type="stmt"/>
        <line num="456" count="82" type="cond" truecount="1" falsecount="1"/>
        <line num="459" count="0" type="stmt"/>
        <line num="462" count="82" type="cond" truecount="2" falsecount="0"/>
        <line num="463" count="1" type="stmt"/>
        <line num="467" count="1" type="stmt"/>
        <line num="468" count="1" type="stmt"/>
        <line num="471" count="81" type="stmt"/>
        <line num="474" count="81" type="cond" truecount="2" falsecount="0"/>
        <line num="475" count="82" type="stmt"/>
        <line num="482" count="82" type="cond" truecount="2" falsecount="0"/>
        <line num="485" count="82" type="stmt"/>
        <line num="486" count="82" type="stmt"/>
        <line num="487" count="82" type="stmt"/>
        <line num="488" count="82" type="cond" truecount="2" falsecount="0"/>
        <line num="489" count="74" type="stmt"/>
        <line num="490" count="88" type="cond" truecount="2" falsecount="0"/>
        <line num="495" count="73" type="stmt"/>
        <line num="496" count="73" type="stmt"/>
        <line num="497" count="73" type="stmt"/>
        <line num="502" count="81" type="cond" truecount="2" falsecount="0"/>
        <line num="503" count="74" type="stmt"/>
        <line num="504" count="74" type="cond" truecount="3" falsecount="1"/>
        <line num="505" count="0" type="stmt"/>
        <line num="510" count="0" type="stmt"/>
        <line num="511" count="0" type="stmt"/>
        <line num="515" count="74" type="cond" truecount="2" falsecount="0"/>
        <line num="519" count="74" type="cond" truecount="3" falsecount="1"/>
        <line num="520" count="0" type="stmt"/>
        <line num="528" count="0" type="stmt"/>
        <line num="529" count="0" type="stmt"/>
        <line num="532" count="69" type="stmt"/>
        <line num="540" count="5" type="stmt"/>
        <line num="541" count="5" type="cond" truecount="2" falsecount="0"/>
        <line num="542" count="4" type="stmt"/>
        <line num="543" count="4" type="stmt"/>
        <line num="544" count="4" type="stmt"/>
        <line num="546" count="1" type="stmt"/>
        <line num="557" count="66" type="cond" truecount="2" falsecount="0"/>
        <line num="558" count="62" type="cond" truecount="2" falsecount="0"/>
        <line num="562" count="66" type="stmt"/>
        <line num="563" count="74" type="cond" truecount="3" falsecount="1"/>
        <line num="564" count="0" type="stmt"/>
        <line num="567" count="66" type="stmt"/>
        <line num="576" count="9" type="cond" truecount="2" falsecount="0"/>
        <line num="578" count="9" type="stmt"/>
        <line num="579" count="10" type="cond" truecount="2" falsecount="0"/>
        <line num="587" count="9" type="stmt"/>
        <line num="590" count="9" type="cond" truecount="2" falsecount="0"/>
        <line num="603" count="62" type="stmt"/>
        <line num="604" count="62" type="stmt"/>
        <line num="606" count="62" type="stmt"/>
        <line num="610" count="62" type="stmt"/>
        <line num="611" count="78" type="cond" truecount="4" falsecount="0"/>
        <line num="612" count="7" type="stmt"/>
        <line num="617" count="62" type="stmt"/>
        <line num="618" count="62" type="stmt"/>
        <line num="619" count="7" type="stmt"/>
        <line num="620" count="7" type="cond" truecount="1" falsecount="1"/>
        <line num="621" count="7" type="stmt"/>
        <line num="622" count="7" type="stmt"/>
        <line num="624" count="7" type="stmt"/>
        <line num="627" count="62" type="stmt"/>
        <line num="628" count="7" type="stmt"/>
        <line num="629" count="7" type="stmt"/>
        <line num="631" count="7" type="cond" truecount="2" falsecount="0"/>
        <line num="632" count="1" type="stmt"/>
        <line num="636" count="1" type="stmt"/>
        <line num="637" count="1" type="stmt"/>
        <line num="640" count="6" type="cond" truecount="2" falsecount="0"/>
        <line num="641" count="1" type="stmt"/>
        <line num="645" count="1" type="stmt"/>
        <line num="646" count="1" type="stmt"/>
        <line num="649" count="5" type="stmt"/>
        <line num="650" count="5" type="cond" truecount="4" falsecount="0"/>
        <line num="651" count="1" type="stmt"/>
        <line num="655" count="1" type="stmt"/>
        <line num="656" count="1" type="stmt"/>
        <line num="659" count="4" type="stmt"/>
        <line num="660" count="4" type="stmt"/>
        <line num="666" count="4" type="stmt"/>
        <line num="667" count="3" type="cond" truecount="1" falsecount="1"/>
        <line num="668" count="0" type="stmt"/>
        <line num="672" count="0" type="stmt"/>
        <line num="673" count="0" type="stmt"/>
        <line num="676" count="3" type="stmt"/>
        <line num="677" count="3" type="cond" truecount="2" falsecount="0"/>
        <line num="678" count="1" type="stmt"/>
        <line num="682" count="1" type="stmt"/>
        <line num="683" count="1" type="stmt"/>
        <line num="687" count="2" type="cond" truecount="1" falsecount="1"/>
        <line num="688" count="0" type="stmt"/>
        <line num="689" count="0" type="stmt"/>
        <line num="693" count="0" type="stmt"/>
        <line num="697" count="2" type="stmt"/>
        <line num="698" count="2" type="cond" truecount="1" falsecount="1"/>
        <line num="710" count="3" type="stmt"/>
        <line num="711" count="3" type="stmt"/>
        <line num="712" count="3" type="stmt"/>
        <line num="713" count="3" type="cond" truecount="2" falsecount="0"/>
        <line num="714" count="2" type="stmt"/>
        <line num="715" count="4" type="cond" truecount="2" falsecount="0"/>
        <line num="720" count="2" type="stmt"/>
        <line num="721" count="2" type="stmt"/>
        <line num="722" count="2" type="stmt"/>
        <line num="726" count="2" type="stmt"/>
        <line num="735" count="1" type="stmt"/>
        <line num="736" count="1" type="cond" truecount="1" falsecount="1"/>
        <line num="737" count="1" type="stmt"/>
        <line num="738" count="1" type="stmt"/>
        <line num="740" count="0" type="stmt"/>
        <line num="746" count="62" type="stmt"/>
        <line num="766" count="5" type="stmt"/>
        <line num="767" count="5" type="cond" truecount="1" falsecount="1"/>
        <line num="768" count="5" type="cond" truecount="1" falsecount="1"/>
        <line num="770" count="5" type="stmt"/>
        <line num="771" count="5" type="stmt"/>
        <line num="773" count="5" type="cond" truecount="4" falsecount="1"/>
        <line num="774" count="0" type="stmt"/>
        <line num="777" count="5" type="stmt"/>
        <line num="778" count="5" type="stmt"/>
        <line num="781" count="5" type="cond" truecount="4" falsecount="1"/>
        <line num="782" count="0" type="stmt"/>
        <line num="784" count="5" type="cond" truecount="3" falsecount="1"/>
        <line num="785" count="0" type="stmt"/>
        <line num="789" count="5" type="stmt"/>
        <line num="790" count="5" type="stmt"/>
        <line num="792" count="0" type="stmt"/>
        <line num="797" count="5" type="cond" truecount="1" falsecount="1"/>
        <line num="798" count="0" type="stmt"/>
        <line num="801" count="5" type="stmt"/>
        <line num="802" count="5" type="stmt"/>
        <line num="805" count="5" type="stmt"/>
        <line num="806" count="5" type="cond" truecount="1" falsecount="1"/>
        <line num="807" count="5" type="stmt"/>
        <line num="808" count="5" type="stmt"/>
        <line num="809" count="5" type="stmt"/>
        <line num="814" count="5" type="stmt"/>
        <line num="816" count="5" type="stmt"/>
        <line num="817" count="5" type="stmt"/>
        <line num="818" count="5" type="cond" truecount="1" falsecount="1"/>
        <line num="820" count="5" type="stmt"/>
        <line num="821" count="5" type="cond" truecount="3" falsecount="1"/>
        <line num="823" count="0" type="stmt"/>
        <line num="826" count="5" type="stmt"/>
        <line num="827" count="5" type="stmt"/>
        <line num="828" count="5" type="stmt"/>
        <line num="829" count="5" type="stmt"/>
        <line num="834" count="1" type="cond" truecount="1" falsecount="1"/>
        <line num="835" count="1" type="stmt"/>
        <line num="841" count="4" type="stmt"/>
        <line num="848" count="10" type="stmt"/>
        <line num="850" count="10" type="stmt"/>
        <line num="854" count="5" type="stmt"/>
        <line num="858" count="10" type="stmt"/>
        <line num="859" count="10" type="stmt"/>
        <line num="860" count="25" type="stmt"/>
        <line num="861" count="25" type="cond" truecount="5" falsecount="0"/>
        <line num="862" count="15" type="stmt"/>
        <line num="865" count="10" type="cond" truecount="1" falsecount="1"/>
        <line num="866" count="0" type="stmt"/>
        <line num="869" count="10" type="stmt"/>
        <line num="870" count="10" type="stmt"/>
        <line num="871" count="15" type="cond" truecount="1" falsecount="1"/>
        <line num="873" count="10" type="stmt"/>
        <line num="877" count="15" type="cond" truecount="5" falsecount="0"/>
        <line num="892" count="13" type="stmt"/>
        <line num="899" count="13" type="stmt"/>
        <line num="900" count="13" type="cond" truecount="2" falsecount="0"/>
        <line num="903" count="5" type="cond" truecount="1" falsecount="1"/>
        <line num="904" count="0" type="stmt"/>
        <line num="909" count="5" type="stmt"/>
        <line num="911" count="5" type="stmt"/>
        <line num="914" count="5" type="cond" truecount="2" falsecount="0"/>
        <line num="915" count="4" type="stmt"/>
        <line num="916" count="1" type="cond" truecount="1" falsecount="1"/>
        <line num="917" count="1" type="stmt"/>
        <line num="918" count="1" type="cond" truecount="1" falsecount="1"/>
        <line num="919" count="0" type="stmt"/>
        <line num="925" count="1" type="stmt"/>
        <line num="927" count="0" type="stmt"/>
        <line num="930" count="4" type="stmt"/>
        <line num="931" count="4" type="stmt"/>
        <line num="933" count="1" type="cond" truecount="1" falsecount="1"/>
        <line num="934" count="1" type="stmt"/>
        <line num="935" count="1" type="stmt"/>
        <line num="936" count="1" type="stmt"/>
        <line num="937" count="1" type="stmt"/>
        <line num="938" count="1" type="cond" truecount="1" falsecount="1"/>
        <line num="940" count="0" type="cond" truecount="0" falsecount="2"/>
        <line num="943" count="1" type="stmt"/>
        <line num="946" count="1" type="stmt"/>
        <line num="948" count="5" type="stmt"/>
        <line num="957" count="4" type="stmt"/>
        <line num="959" count="4" type="cond" truecount="3" falsecount="1"/>
        <line num="960" count="0" type="stmt"/>
        <line num="967" count="4" type="cond" truecount="2" falsecount="0"/>
        <line num="976" count="4" type="cond" truecount="1" falsecount="1"/>
        <line num="980" count="0" type="stmt"/>
        <line num="987" count="3" type="stmt"/>
        <line num="1001" count="1" type="stmt"/>
        <line num="1004" count="1" type="stmt"/>
        <line num="1006" count="1" type="cond" truecount="1" falsecount="1"/>
        <line num="1007" count="0" type="stmt"/>
        <line num="1012" count="1" type="stmt"/>
        <line num="1013" count="1" type="cond" truecount="3" falsecount="1"/>
        <line num="1014" count="0" type="stmt"/>
        <line num="1020" count="1" type="stmt"/>
        <line num="1025" count="1" type="cond" truecount="2" falsecount="0"/>
        <line num="1027" count="1" type="cond" truecount="1" falsecount="1"/>
        <line num="1028" count="1" type="stmt"/>
        <line num="1029" count="1" type="stmt"/>
        <line num="1034" count="1" type="stmt"/>
        <line num="1036" count="0" type="cond" truecount="0" falsecount="2"/>
        <line num="1037" count="0" type="stmt"/>
        <line num="1039" count="0" type="stmt"/>
        <line num="1047" count="1" type="cond" truecount="3" falsecount="1"/>
        <line num="1048" count="0" type="stmt"/>
        <line num="1054" count="1" type="stmt"/>
        <line num="1055" count="1" type="cond" truecount="1" falsecount="1"/>
        <line num="1056" count="0" type="stmt"/>
        <line num="1062" count="1" type="cond" truecount="1" falsecount="1"/>
        <line num="1063" count="0" type="stmt"/>
        <line num="1069" count="1" type="stmt"/>
        <line num="1096" count="8" type="stmt"/>
        <line num="1097" count="8" type="cond" truecount="3" falsecount="1"/>
        <line num="1098" count="0" type="stmt"/>
        <line num="1102" count="8" type="cond" truecount="2" falsecount="0"/>
        <line num="1103" count="5" type="stmt"/>
        <line num="1104" count="5" type="cond" truecount="2" falsecount="0"/>
        <line num="1107" count="3" type="stmt"/>
        <line num="1108" count="3" type="cond" truecount="3" falsecount="1"/>
        <line num="1109" count="0" type="stmt"/>
        <line num="1113" count="3" type="stmt"/>
        <line num="1114" count="3" type="stmt"/>
        <line num="1116" count="3" type="stmt"/>
        <line num="1117" count="6" type="cond" truecount="2" falsecount="0"/>
        <line num="1119" count="3" type="cond" truecount="1" falsecount="1"/>
        <line num="1121" count="0" type="stmt"/>
        <line num="1122" count="0" type="stmt"/>
        <line num="1123" count="3" type="cond" truecount="1" falsecount="1"/>
        <line num="1125" count="3" type="stmt"/>
        <line num="1126" count="3" type="stmt"/>
        <line num="1131" count="3" type="cond" truecount="3" falsecount="1"/>
        <line num="1132" count="0" type="stmt"/>
        <line num="1136" count="3" type="stmt"/>
        <line num="1137" count="3" type="stmt"/>
        <line num="1139" count="0" type="stmt"/>
        <line num="1145" count="0" type="stmt"/>
      </file>
      <file name="index.ts" path="C:\Users\micro\.vscode\microegor\pdf\src\reader\index.ts">
        <metrics statements="0" coveredstatements="0" conditionals="0" coveredconditionals="0" methods="0" coveredmethods="0"/>
      </file>
      <file name="objects.ts" path="C:\Users\micro\.vscode\microegor\pdf\src\reader\objects.ts">
        <metrics statements="222" coveredstatements="139" conditionals="183" coveredconditionals="95" methods="17" coveredmethods="16"/>
        <line num="49" count="185" type="stmt"/>
        <line num="57" count="8" type="stmt"/>
        <line num="58" count="8" type="stmt"/>
        <line num="59" count="8" type="stmt"/>
        <line num="72" count="97" type="stmt"/>
        <line num="81" count="526" type="cond" truecount="2" falsecount="0"/>
        <line num="82" count="1" type="stmt"/>
        <line num="87" count="525" type="stmt"/>
        <line num="89" count="525" type="cond" truecount="1" falsecount="1"/>
        <line num="90" count="0" type="stmt"/>
        <line num="93" count="521" type="cond" truecount="4" falsecount="0"/>
        <line num="94" count="8" type="stmt"/>
        <line num="96" count="513" type="stmt"/>
        <line num="98" count="513" type="cond" truecount="7" falsecount="1"/>
        <line num="100" count="19" type="stmt"/>
        <line num="103" count="270" type="stmt"/>
        <line num="106" count="46" type="stmt"/>
        <line num="107" count="46" type="stmt"/>
        <line num="110" count="6" type="stmt"/>
        <line num="113" count="5" type="stmt"/>
        <line num="116" count="24" type="stmt"/>
        <line num="119" count="143" type="stmt"/>
        <line num="122" count="0" type="stmt"/>
        <line num="130" count="19" type="stmt"/>
        <line num="132" count="19" type="cond" truecount="3" falsecount="1"/>
        <line num="134" count="2" type="stmt"/>
        <line num="136" count="1" type="stmt"/>
        <line num="138" count="16" type="stmt"/>
        <line num="140" count="0" type="stmt"/>
        <line num="148" count="270" type="stmt"/>
        <line num="149" count="270" type="cond" truecount="1" falsecount="1"/>
        <line num="150" count="0" type="stmt"/>
        <line num="154" count="270" type="stmt"/>
        <line num="155" count="270" type="stmt"/>
        <line num="157" count="270" type="cond" truecount="4" falsecount="0"/>
        <line num="158" count="90" type="stmt"/>
        <line num="159" count="90" type="stmt"/>
        <line num="161" count="90" type="cond" truecount="2" falsecount="0"/>
        <line num="171" count="62" type="stmt"/>
        <line num="172" count="62" type="stmt"/>
        <line num="175" count="28" type="cond" truecount="4" falsecount="0"/>
        <line num="176" count="2" type="stmt"/>
        <line num="180" count="26" type="stmt"/>
        <line num="183" count="206" type="stmt"/>
        <line num="190" count="6" type="stmt"/>
        <line num="193" count="6" type="stmt"/>
        <line num="194" count="6" type="stmt"/>
        <line num="197" count="6" type="stmt"/>
        <line num="204" count="5" type="stmt"/>
        <line num="205" count="5" type="stmt"/>
        <line num="206" count="5" type="stmt"/>
        <line num="208" count="5" type="stmt"/>
        <line num="209" count="19" type="stmt"/>
        <line num="211" count="19" type="cond" truecount="1" falsecount="1"/>
        <line num="213" count="0" type="stmt"/>
        <line num="214" count="0" type="cond" truecount="0" falsecount="2"/>
        <line num="216" count="0" type="stmt"/>
        <line num="217" count="0" type="cond" truecount="0" falsecount="11"/>
        <line num="219" count="0" type="stmt"/>
        <line num="220" count="0" type="stmt"/>
        <line num="222" count="0" type="stmt"/>
        <line num="223" count="0" type="stmt"/>
        <line num="225" count="0" type="stmt"/>
        <line num="226" count="0" type="stmt"/>
        <line num="228" count="0" type="stmt"/>
        <line num="229" count="0" type="stmt"/>
        <line num="231" count="0" type="stmt"/>
        <line num="232" count="0" type="stmt"/>
        <line num="236" count="0" type="stmt"/>
        <line num="237" count="0" type="stmt"/>
        <line num="240" count="0" type="cond" truecount="0" falsecount="2"/>
        <line num="241" count="0" type="stmt"/>
        <line num="243" count="0" type="stmt"/>
        <line num="246" count="0" type="stmt"/>
        <line num="249" count="0" type="cond" truecount="0" falsecount="5"/>
        <line num="250" count="0" type="stmt"/>
        <line num="251" count="0" type="cond" truecount="0" falsecount="2"/>
        <line num="252" count="0" type="stmt"/>
        <line num="253" count="0" type="cond" truecount="0" falsecount="5"/>
        <line num="254" count="0" type="stmt"/>
        <line num="255" count="0" type="stmt"/>
        <line num="256" count="0" type="cond" truecount="0" falsecount="2"/>
        <line num="257" count="0" type="stmt"/>
        <line num="258" count="0" type="cond" truecount="0" falsecount="5"/>
        <line num="259" count="0" type="stmt"/>
        <line num="260" count="0" type="stmt"/>
        <line num="265" count="0" type="stmt"/>
        <line num="266" count="0" type="cond" truecount="0" falsecount="2"/>
        <line num="267" count="0" type="stmt"/>
        <line num="270" count="19" type="cond" truecount="1" falsecount="1"/>
        <line num="271" count="19" type="stmt"/>
        <line num="273" count="19" type="stmt"/>
        <line num="276" count="5" type="stmt"/>
        <line num="283" count="5" type="stmt"/>
        <line num="286" count="5" type="stmt"/>
        <line num="287" count="5" type="stmt"/>
        <line num="290" count="5" type="stmt"/>
        <line num="297" count="4" type="stmt"/>
        <line num="298" count="4" type="stmt"/>
        <line num="299" count="4" type="stmt"/>
        <line num="301" count="4" type="stmt"/>
        <line num="302" count="21" type="stmt"/>
        <line num="303" count="21" type="cond" truecount="1" falsecount="1"/>
        <line num="305" count="21" type="cond" truecount="2" falsecount="0"/>
        <line num="307" count="15" type="stmt"/>
        <line num="308" count="15" type="cond" truecount="2" falsecount="0"/>
        <line num="309" count="2" type="stmt"/>
        <line num="314" count="13" type="cond" truecount="2" falsecount="0"/>
        <line num="315" count="7" type="stmt"/>
        <line num="317" count="6" type="stmt"/>
        <line num="318" count="6" type="stmt"/>
        <line num="323" count="2" type="cond" truecount="1" falsecount="1"/>
        <line num="324" count="0" type="stmt"/>
        <line num="327" count="2" type="stmt"/>
        <line num="331" count="11" type="cond" truecount="4" falsecount="0"/>
        <line num="332" count="2" type="stmt"/>
        <line num="347" count="24" type="stmt"/>
        <line num="349" count="24" type="stmt"/>
        <line num="351" count="24" type="stmt"/>
        <line num="352" count="83" type="stmt"/>
        <line num="354" count="83" type="cond" truecount="1" falsecount="1"/>
        <line num="355" count="0" type="stmt"/>
        <line num="358" count="83" type="cond" truecount="2" falsecount="0"/>
        <line num="359" count="19" type="stmt"/>
        <line num="360" count="19" type="stmt"/>
        <line num="363" count="64" type="stmt"/>
        <line num="366" count="19" type="stmt"/>
        <line num="378" count="143" type="stmt"/>
        <line num="381" count="143" type="stmt"/>
        <line num="382" count="143" type="stmt"/>
        <line num="384" count="143" type="cond" truecount="5" falsecount="0"/>
        <line num="385" count="13" type="stmt"/>
        <line num="388" count="128" type="stmt"/>
        <line num="400" count="143" type="stmt"/>
        <line num="402" count="143" type="stmt"/>
        <line num="404" count="143" type="stmt"/>
        <line num="405" count="418" type="stmt"/>
        <line num="407" count="418" type="cond" truecount="1" falsecount="1"/>
        <line num="408" count="0" type="stmt"/>
        <line num="411" count="418" type="cond" truecount="2" falsecount="0"/>
        <line num="412" count="141" type="stmt"/>
        <line num="413" count="141" type="stmt"/>
        <line num="416" count="277" type="cond" truecount="1" falsecount="1"/>
        <line num="417" count="0" type="stmt"/>
        <line num="420" count="277" type="stmt"/>
        <line num="421" count="277" type="stmt"/>
        <line num="422" count="277" type="stmt"/>
        <line num="424" count="277" type="stmt"/>
        <line num="427" count="141" type="stmt"/>
        <line num="434" count="13" type="stmt"/>
        <line num="438" count="13" type="stmt"/>
        <line num="439" count="13" type="cond" truecount="1" falsecount="1"/>
        <line num="440" count="0" type="stmt"/>
        <line num="441" count="0" type="cond" truecount="0" falsecount="2"/>
        <line num="442" count="0" type="stmt"/>
        <line num="444" count="13" type="cond" truecount="1" falsecount="1"/>
        <line num="445" count="13" type="stmt"/>
        <line num="449" count="13" type="stmt"/>
        <line num="452" count="13" type="cond" truecount="1" falsecount="1"/>
        <line num="453" count="0" type="stmt"/>
        <line num="456" count="13" type="cond" truecount="1" falsecount="1"/>
        <line num="457" count="13" type="stmt"/>
        <line num="460" count="13" type="cond" truecount="3" falsecount="1"/>
        <line num="461" count="0" type="stmt"/>
        <line num="467" count="13" type="cond" truecount="1" falsecount="1"/>
        <line num="468" count="0" type="stmt"/>
        <line num="474" count="13" type="cond" truecount="1" falsecount="1"/>
        <line num="475" count="0" type="stmt"/>
        <line num="480" count="0" type="cond" truecount="0" falsecount="2"/>
        <line num="484" count="0" type="stmt"/>
        <line num="487" count="0" type="cond" truecount="0" falsecount="2"/>
        <line num="488" count="0" type="stmt"/>
        <line num="494" count="0" type="cond" truecount="0" falsecount="2"/>
        <line num="495" count="0" type="stmt"/>
        <line num="499" count="0" type="cond" truecount="0" falsecount="2"/>
        <line num="500" count="0" type="stmt"/>
        <line num="505" count="0" type="stmt"/>
        <line num="509" count="13" type="stmt"/>
        <line num="510" count="13" type="stmt"/>
        <line num="513" count="13" type="stmt"/>
        <line num="514" count="13" type="stmt"/>
        <line num="515" count="13" type="cond" truecount="1" falsecount="1"/>
        <line num="516" count="0" type="stmt"/>
        <line num="519" count="13" type="stmt"/>
        <line num="528" count="0" type="stmt"/>
        <line num="529" count="0" type="stmt"/>
        <line num="531" count="0" type="stmt"/>
        <line num="532" count="0" type="stmt"/>
        <line num="533" count="0" type="stmt"/>
        <line num="534" count="0" type="cond" truecount="0" falsecount="2"/>
        <line num="535" count="0" type="stmt"/>
        <line num="536" count="0" type="stmt"/>
        <line num="539" count="0" type="cond" truecount="0" falsecount="2"/>
        <line num="542" count="0" type="cond" truecount="0" falsecount="2"/>
        <line num="543" count="0" type="stmt"/>
        <line num="544" count="0" type="cond" truecount="0" falsecount="4"/>
        <line num="546" count="0" type="stmt"/>
        <line num="550" count="0" type="stmt"/>
        <line num="551" count="0" type="cond" truecount="0" falsecount="4"/>
        <line num="552" count="0" type="stmt"/>
        <line num="553" count="0" type="cond" truecount="0" falsecount="4"/>
        <line num="554" count="0" type="stmt"/>
        <line num="556" count="0" type="cond" truecount="0" falsecount="4"/>
        <line num="557" count="0" type="stmt"/>
        <line num="559" count="0" type="stmt"/>
        <line num="563" count="0" type="stmt"/>
        <line num="582" count="91" type="stmt"/>
        <line num="585" count="91" type="stmt"/>
        <line num="586" count="91" type="cond" truecount="2" falsecount="0"/>
        <line num="591" count="2" type="stmt"/>
        <line num="595" count="89" type="stmt"/>
        <line num="596" count="89" type="cond" truecount="2" falsecount="0"/>
        <line num="602" count="1" type="stmt"/>
        <line num="606" count="88" type="stmt"/>
        <line num="607" count="88" type="cond" truecount="3" falsecount="1"/>
        <line num="608" count="0" type="stmt"/>
        <line num="612" count="88" type="stmt"/>
        <line num="615" count="88" type="stmt"/>
        <line num="616" count="88" type="stmt"/>
        <line num="617" count="88" type="cond" truecount="4" falsecount="0"/>
        <line num="618" count="1" type="stmt"/>
        <line num="621" count="81" type="stmt"/>
      </file>
      <file name="parser.ts" path="C:\Users\micro\.vscode\microegor\pdf\src\reader\parser.ts">
        <metrics statements="193" coveredstatements="171" conditionals="146" coveredconditionals="120" methods="15" coveredmethods="15"/>
        <line num="39" count="63" type="stmt"/>
        <line num="40" count="63" type="stmt"/>
        <line num="44" count="63" type="stmt"/>
        <line num="45" count="63" type="stmt"/>
        <line num="46" count="63" type="stmt"/>
        <line num="47" count="39" type="stmt"/>
        <line num="48" count="39" type="stmt"/>
        <line num="52" count="63" type="cond" truecount="2" falsecount="0"/>
        <line num="53" count="1" type="stmt"/>
        <line num="60" count="61" type="stmt"/>
        <line num="63" count="61" type="stmt"/>
        <line num="67" count="61" type="stmt"/>
        <line num="70" count="61" type="stmt"/>
        <line num="77" count="61" type="stmt"/>
        <line num="80" count="61" type="stmt"/>
        <line num="81" count="70" type="stmt"/>
        <line num="82" count="70" type="cond" truecount="1" falsecount="1"/>
        <line num="86" count="58" type="stmt"/>
        <line num="107" count="58" type="stmt"/>
        <line num="108" count="58" type="cond" truecount="2" falsecount="0"/>
        <line num="109" count="9" type="stmt"/>
        <line num="110" count="9" type="stmt"/>
        <line num="113" count="58" type="cond" truecount="2" falsecount="0"/>
        <line num="114" count="11" type="stmt"/>
        <line num="121" count="58" type="stmt"/>
        <line num="122" count="58" type="cond" truecount="3" falsecount="0"/>
        <line num="123" count="63" type="cond" truecount="4" falsecount="0"/>
        <line num="124" count="15" type="cond" truecount="2" falsecount="0"/>
        <line num="129" count="15" type="stmt"/>
        <line num="135" count="58" type="stmt"/>
        <line num="142" count="61" type="cond" truecount="2" falsecount="0"/>
        <line num="143" count="1" type="stmt"/>
        <line num="147" count="60" type="stmt"/>
        <line num="148" count="60" type="cond" truecount="2" falsecount="0"/>
        <line num="149" count="240" type="stmt"/>
        <line num="150" count="240" type="cond" truecount="4" falsecount="0"/>
        <line num="151" count="60" type="stmt"/>
        <line num="153" count="180" type="stmt"/>
        <line num="157" count="60" type="stmt"/>
        <line num="158" count="60" type="stmt"/>
        <line num="166" count="60" type="stmt"/>
        <line num="167" count="60" type="cond" truecount="2" falsecount="0"/>
        <line num="168" count="1" type="stmt"/>
        <line num="172" count="59" type="stmt"/>
        <line num="173" count="59" type="cond" truecount="2" falsecount="0"/>
        <line num="174" count="1" type="stmt"/>
        <line num="178" count="58" type="stmt"/>
        <line num="181" count="58" type="stmt"/>
        <line num="182" count="116" type="stmt"/>
        <line num="183" count="116" type="cond" truecount="6" falsecount="0"/>
        <line num="184" count="58" type="stmt"/>
        <line num="186" count="58" type="stmt"/>
        <line num="190" count="58" type="stmt"/>
        <line num="191" count="58" type="stmt"/>
        <line num="192" count="190" type="stmt"/>
        <line num="193" count="190" type="cond" truecount="5" falsecount="0"/>
        <line num="194" count="58" type="stmt"/>
        <line num="196" count="132" type="stmt"/>
        <line num="199" count="58" type="cond" truecount="1" falsecount="1"/>
        <line num="200" count="0" type="stmt"/>
        <line num="202" count="58" type="stmt"/>
        <line num="203" count="58" type="cond" truecount="3" falsecount="1"/>
        <line num="204" count="0" type="stmt"/>
        <line num="206" count="58" type="stmt"/>
        <line num="222" count="58" type="stmt"/>
        <line num="223" count="58" type="stmt"/>
        <line num="224" count="58" type="stmt"/>
        <line num="225" count="58" type="stmt"/>
        <line num="226" count="58" type="stmt"/>
        <line num="227" count="58" type="stmt"/>
        <line num="229" count="58" type="cond" truecount="2" falsecount="0"/>
        <line num="231" count="74" type="cond" truecount="1" falsecount="1"/>
        <line num="232" count="0" type="stmt"/>
        <line num="237" count="0" type="stmt"/>
        <line num="238" count="0" type="stmt"/>
        <line num="240" count="74" type="stmt"/>
        <line num="243" count="74" type="stmt"/>
        <line num="244" count="74" type="stmt"/>
        <line num="246" count="3" type="cond" truecount="2" falsecount="0"/>
        <line num="247" count="1" type="stmt"/>
        <line num="252" count="1" type="stmt"/>
        <line num="253" count="1" type="stmt"/>
        <line num="255" count="2" type="cond" truecount="1" falsecount="1"/>
        <line num="257" count="2" type="stmt"/>
        <line num="264" count="3" type="stmt"/>
        <line num="265" count="3" type="stmt"/>
        <line num="267" count="71" type="stmt"/>
        <line num="268" count="71" type="cond" truecount="2" falsecount="0"/>
        <line num="269" count="2" type="stmt"/>
        <line num="274" count="2" type="stmt"/>
        <line num="276" count="71" type="cond" truecount="2" falsecount="0"/>
        <line num="282" count="74" type="cond" truecount="2" falsecount="0"/>
        <line num="283" count="69" type="stmt"/>
        <line num="284" count="69" type="cond" truecount="4" falsecount="0"/>
        <line num="285" count="1" type="stmt"/>
        <line num="290" count="1" type="stmt"/>
        <line num="291" count="68" type="cond" truecount="2" falsecount="0"/>
        <line num="292" count="2" type="stmt"/>
        <line num="293" count="2" type="cond" truecount="2" falsecount="0"/>
        <line num="298" count="1" type="stmt"/>
        <line num="303" count="1" type="stmt"/>
        <line num="304" count="1" type="cond" truecount="1" falsecount="1"/>
        <line num="305" count="0" type="stmt"/>
        <line num="310" count="0" type="stmt"/>
        <line num="312" count="1" type="stmt"/>
        <line num="313" count="1" type="stmt"/>
        <line num="314" count="1" type="stmt"/>
        <line num="320" count="1" type="cond" truecount="1" falsecount="1"/>
        <line num="321" count="1" type="stmt"/>
        <line num="324" count="1" type="cond" truecount="1" falsecount="1"/>
        <line num="325" count="0" type="stmt"/>
        <line num="330" count="0" type="stmt"/>
        <line num="334" count="1" type="stmt"/>
        <line num="335" count="1" type="stmt"/>
        <line num="336" count="2" type="cond" truecount="2" falsecount="0"/>
        <line num="337" count="1" type="stmt"/>
        <line num="341" count="1" type="cond" truecount="1" falsecount="1"/>
        <line num="345" count="1" type="stmt"/>
        <line num="350" count="1" type="stmt"/>
        <line num="352" count="0" type="stmt"/>
        <line num="353" count="0" type="stmt"/>
        <line num="357" count="0" type="stmt"/>
        <line num="358" count="0" type="cond" truecount="0" falsecount="2"/>
        <line num="359" count="0" type="stmt"/>
        <line num="365" count="0" type="stmt"/>
        <line num="376" count="71" type="cond" truecount="1" falsecount="1"/>
        <line num="377" count="0" type="stmt"/>
        <line num="380" count="71" type="cond" truecount="2" falsecount="0"/>
        <line num="385" count="1" type="stmt"/>
        <line num="390" count="1" type="stmt"/>
        <line num="391" count="1" type="stmt"/>
        <line num="393" count="70" type="stmt"/>
        <line num="395" count="70" type="cond" truecount="2" falsecount="0"/>
        <line num="396" count="16" type="stmt"/>
        <line num="398" count="54" type="stmt"/>
        <line num="400" count="70" type="stmt"/>
        <line num="401" count="70" type="stmt"/>
        <line num="403" count="70" type="stmt"/>
        <line num="406" count="58" type="cond" truecount="2" falsecount="2"/>
        <line num="407" count="0" type="stmt"/>
        <line num="411" count="0" type="stmt"/>
        <line num="414" count="58" type="stmt"/>
        <line num="418" count="1" type="stmt"/>
        <line num="419" count="1" type="stmt"/>
        <line num="420" count="3" type="cond" truecount="2" falsecount="0"/>
        <line num="422" count="1" type="stmt"/>
        <line num="434" count="75" type="cond" truecount="4" falsecount="0"/>
        <line num="435" count="1" type="stmt"/>
        <line num="437" count="74" type="cond" truecount="2" falsecount="0"/>
        <line num="438" count="70" type="stmt"/>
        <line num="441" count="4" type="cond" truecount="2" falsecount="0"/>
        <line num="442" count="3" type="stmt"/>
        <line num="445" count="1" type="stmt"/>
        <line num="449" count="63" type="stmt"/>
        <line num="461" count="63" type="stmt"/>
        <line num="462" count="622" type="stmt"/>
        <line num="463" count="622" type="cond" truecount="5" falsecount="0"/>
        <line num="464" count="1" type="stmt"/>
        <line num="481" count="27" type="stmt"/>
        <line num="482" count="27" type="stmt"/>
        <line num="483" count="27" type="cond" truecount="2" falsecount="0"/>
        <line num="491" count="23" type="stmt"/>
        <line num="503" count="32" type="stmt"/>
        <line num="504" count="32" type="cond" truecount="1" falsecount="1"/>
        <line num="505" count="0" type="stmt"/>
        <line num="509" count="0" type="stmt"/>
        <line num="512" count="32" type="cond" truecount="2" falsecount="0"/>
        <line num="513" count="10" type="stmt"/>
        <line num="516" count="10" type="cond" truecount="1" falsecount="1"/>
        <line num="517" count="0" type="stmt"/>
        <line num="521" count="0" type="stmt"/>
        <line num="524" count="10" type="stmt"/>
        <line num="526" count="10" type="stmt"/>
        <line num="527" count="10" type="cond" truecount="2" falsecount="0"/>
        <line num="528" count="9" type="stmt"/>
        <line num="531" count="1" type="stmt"/>
        <line num="534" count="22" type="stmt"/>
        <line num="541" count="17" type="stmt"/>
        <line num="542" count="17" type="cond" truecount="1" falsecount="1"/>
        <line num="549" count="6" type="stmt"/>
        <line num="550" count="6" type="cond" truecount="1" falsecount="1"/>
        <line num="552" count="6" type="stmt"/>
        <line num="553" count="6" type="cond" truecount="1" falsecount="1"/>
        <line num="555" count="6" type="stmt"/>
        <line num="556" count="6" type="cond" truecount="1" falsecount="1"/>
        <line num="558" count="6" type="stmt"/>
        <line num="565" count="10" type="stmt"/>
        <line num="566" count="10" type="cond" truecount="1" falsecount="1"/>
        <line num="568" count="10" type="stmt"/>
        <line num="569" count="10" type="cond" truecount="2" falsecount="0"/>
        <line num="571" count="3" type="stmt"/>
        <line num="572" count="3" type="cond" truecount="1" falsecount="1"/>
        <line num="574" count="3" type="stmt"/>
      </file>
      <file name="stream.ts" path="C:\Users\micro\.vscode\microegor\pdf\src\reader\stream.ts">
        <metrics statements="210" coveredstatements="160" conditionals="186" coveredconditionals="115" methods="20" coveredmethods="17"/>
        <line num="11" count="38" type="cond" truecount="2" falsecount="0"/>
        <line num="12" count="1" type="stmt"/>
        <line num="17" count="37" type="stmt"/>
        <line num="18" count="37" type="cond" truecount="2" falsecount="0"/>
        <line num="19" count="14" type="cond" truecount="2" falsecount="0"/>
        <line num="20" count="1" type="stmt"/>
        <line num="24" count="13" type="stmt"/>
        <line num="27" count="23" type="stmt"/>
        <line num="28" count="23" type="stmt"/>
        <line num="29" count="23" type="stmt"/>
        <line num="31" count="23" type="stmt"/>
        <line num="32" count="23" type="stmt"/>
        <line num="33" count="23" type="cond" truecount="1" falsecount="1"/>
        <line num="34" count="23" type="stmt"/>
[...]
        <line num="529" count="4" type="stmt"/>
        <line num="536" count="53" type="stmt"/>
        <line num="543" count="371" type="stmt"/>
        <line num="550" count="252" type="cond" truecount="2" falsecount="0"/>
        <line num="557" count="55" type="stmt"/>
        <line num="564" count="72" type="stmt"/>
        <line num="572" count="2" type="stmt"/>
        <line num="576" count="1" type="stmt"/>
        <line num="580" count="1" type="stmt"/>
        <line num="584" count="1" type="stmt"/>
        <line num="588" count="1" type="stmt"/>
        <line num="592" count="1" type="stmt"/>
        <line num="596" count="5" type="stmt"/>
        <line num="600" count="10" type="stmt"/>
        <line num="604" count="1" type="stmt"/>
        <line num="608" count="1" type="stmt"/>
      </file>
    </package>
    <package name="reader.__tests__">
      <metrics statements="84" coveredstatements="82" conditionals="30" coveredconditionals="19" methods="10" coveredmethods="10"/>
      <file name="fixtures.ts" path="C:\Users\micro\.vscode\microegor\pdf\src\reader\__tests__\fixtures.ts">
        <metrics statements="84" coveredstatements="82" conditionals="30" coveredconditionals="19" methods="10" coveredmethods="10"/>
        <line num="5" count="4" type="stmt"/>
        <line num="8" count="369" type="stmt"/>
        <line num="11" count="366" type="stmt"/>
        <line num="12" count="55" type="stmt"/>
        <line num="13" count="55" type="stmt"/>
        <line num="14" count="55" type="stmt"/>
        <line num="15" count="366" type="stmt"/>
        <line num="16" count="366" type="stmt"/>
        <line num="18" count="55" type="stmt"/>
        <line num="22" count="4" type="stmt"/>
        <line num="25" count="4" type="stmt"/>
        <line num="38" count="43" type="stmt"/>
        <line num="39" count="43" type="stmt"/>
        <line num="40" count="43" type="stmt"/>
        <line num="42" count="43" type="stmt"/>
        <line num="43" count="155" type="stmt"/>
        <line num="44" count="155" type="stmt"/>
        <line num="45" count="155" type="stmt"/>
        <line num="46" count="155" type="stmt"/>
        <line num="49" count="43" type="stmt"/>
        <line num="50" count="43" type="cond" truecount="1" falsecount="1"/>
        <line num="51" count="0" type="stmt"/>
        <line num="53" count="43" type="stmt"/>
        <line num="54" count="155" type="cond" truecount="1" falsecount="1"/>
        <line num="55" count="112" type="stmt"/>
        <line num="56" count="43" type="cond" truecount="1" falsecount="1"/>
        <line num="57" count="43" type="stmt"/>
        <line num="58" count="155" type="stmt"/>
        <line num="60" count="155" type="stmt"/>
        <line num="61" count="43" type="stmt"/>
        <line num="62" count="43" type="cond" truecount="2" falsecount="0"/>
        <line num="63" count="43" type="stmt"/>
        <line num="64" count="43" type="stmt"/>
        <line num="65" count="43" type="stmt"/>
        <line num="66" count="43" type="stmt"/>
        <line num="67" count="43" type="stmt"/>
        <line num="68" count="43" type="stmt"/>
        <line num="72" count="12" type="stmt"/>
        <line num="73" count="12" type="stmt"/>
        <line num="74" count="12" type="stmt"/>
        <line num="76" count="12" type="stmt"/>
        <line num="77" count="29" type="stmt"/>
        <line num="78" count="29" type="cond" truecount="1" falsecount="1"/>
        <line num="79" count="30" type="stmt"/>
        <line num="81" count="29" type="stmt"/>
        <line num="82" count="30" type="stmt"/>
        <line num="83" count="29" type="stmt"/>
        <line num="84" count="29" type="stmt"/>
        <line num="86" count="29" type="stmt"/>
        <line num="87" count="29" type="stmt"/>
        <line num="88" count="29" type="stmt"/>
        <line num="89" count="57" type="stmt"/>
        <line num="90" count="57" type="cond" truecount="1" falsecount="1"/>
        <line num="91" count="57" type="stmt"/>
        <line num="92" count="58" type="stmt"/>
        <line num="93" count="58" type="stmt"/>
        <line num="95" count="57" type="cond" truecount="2" falsecount="0"/>
        <line num="96" count="28" type="stmt"/>
        <line num="97" count="28" type="cond" truecount="1" falsecount="1"/>
        <line num="101" count="29" type="stmt"/>
        <line num="102" count="29" type="stmt"/>
        <line num="103" count="29" type="cond" truecount="1" falsecount="1"/>
        <line num="104" count="0" type="stmt"/>
        <line num="106" count="29" type="cond" truecount="1" falsecount="1"/>
        <line num="107" count="29" type="stmt"/>
        <line num="108" count="30" type="cond" truecount="1" falsecount="1"/>
        <line num="109" count="30" type="stmt"/>
        <line num="112" count="30" type="stmt"/>
        <line num="113" count="29" type="stmt"/>
        <line num="114" count="29" type="cond" truecount="2" falsecount="0"/>
        <line num="115" count="17" type="stmt"/>
        <line num="116" count="17" type="cond" truecount="1" falsecount="1"/>
        <line num="118" count="29" type="cond" truecount="2" falsecount="0"/>
        <line num="119" count="29" type="stmt"/>
        <line num="120" count="29" type="stmt"/>
        <line num="121" count="29" type="stmt"/>
        <line num="122" count="29" type="stmt"/>
        <line num="123" count="29" type="stmt"/>
        <line num="126" count="29" type="stmt"/>
        <line num="127" count="29" type="stmt"/>
        <line num="128" count="29" type="stmt"/>
        <line num="129" count="29" type="stmt"/>
        <line num="131" count="12" type="cond" truecount="1" falsecount="1"/>
        <line num="132" count="12" type="stmt"/>
      </file>
    </package>
    <package name="reader.xref">
      <metrics statements="228" coveredstatements="194" conditionals="199" coveredconditionals="149" methods="14" coveredmethods="14"/>
      <file name="flate.ts" path="C:\Users\micro\.vscode\microegor\pdf\src\reader\xref\flate.ts">
        <metrics statements="25" coveredstatements="25" conditionals="19" coveredconditionals="16" methods="2" coveredmethods="2"/>
        <line num="14" count="19" type="cond" truecount="2" falsecount="0"/>
        <line num="15" count="1" type="stmt"/>
        <line num="17" count="18" type="cond" truecount="2" falsecount="0"/>
        <line num="18" count="1" type="stmt"/>
        <line num="21" count="17" type="stmt"/>
        <line num="22" count="17" type="stmt"/>
        <line num="23" count="17" type="stmt"/>
        <line num="26" count="17" type="stmt"/>
        <line num="27" count="19" type="cond" truecount="1" falsecount="1"/>
        <line num="28" count="19" type="stmt"/>
        <line num="29" count="19" type="cond" truecount="2" falsecount="0"/>
        <line num="30" count="3" type="stmt"/>
        <line num="32" count="16" type="stmt"/>
        <line num="35" count="17" type="stmt"/>
        <line num="36" count="17" type="cond" truecount="2" falsecount="0"/>
        <line num="37" count="1" type="cond" truecount="1" falsecount="1"/>
        <line num="40" count="4" type="cond" truecount="4" falsecount="0"/>
        <line num="41" count="3" type="stmt"/>
        <line num="43" count="1" type="stmt"/>
        <line num="48" count="13" type="stmt"/>
        <line num="49" count="13" type="stmt"/>
        <line num="50" count="13" type="stmt"/>
        <line num="51" count="13" type="stmt"/>
        <line num="52" count="13" type="stmt"/>
        <line num="54" count="13" type="stmt"/>
      </file>
      <file name="index.ts" path="C:\Users\micro\.vscode\microegor\pdf\src\reader\xref\index.ts">
        <metrics statements="0" coveredstatements="0" conditionals="0" coveredconditionals="0" methods="0" coveredmethods="0"/>
      </file>
      <file name="stream.ts" path="C:\Users\micro\.vscode\microegor\pdf\src\reader\xref\stream.ts">
        <metrics statements="114" coveredstatements="94" conditionals="110" coveredconditionals="78" methods="6" coveredmethods="6"/>
        <line num="29" count="4" type="stmt"/>
        <line num="30" count="4" type="cond" truecount="3" falsecount="0"/>
        <line num="42" count="9" type="stmt"/>
        <line num="45" count="9" type="stmt"/>
        <line num="47" count="9" type="cond" truecount="1" falsecount="1"/>
        <line num="48" count="0" type="stmt"/>
        <line num="51" count="9" type="stmt"/>
        <line num="52" count="9" type="stmt"/>
        <line num="55" count="9" type="stmt"/>
        <line num="56" count="9" type="cond" truecount="3" falsecount="1"/>
        <line num="57" count="0" type="stmt"/>
        <line num="61" count="9" type="stmt"/>
        <line num="62" count="9" type="cond" truecount="1" falsecount="1"/>
        <line num="63" count="0" type="stmt"/>
        <line num="65" count="9" type="stmt"/>
        <line num="69" count="9" type="cond" truecount="3" falsecount="1"/>
        <line num="70" count="0" type="stmt"/>
        <line num="74" count="9" type="stmt"/>
        <line num="75" count="9" type="cond" truecount="1" falsecount="1"/>
        <line num="76" count="0" type="stmt"/>
        <line num="78" count="9" type="stmt"/>
        <line num="79" count="9" type="cond" truecount="1" falsecount="1"/>
        <line num="80" count="0" type="stmt"/>
        <line num="83" count="9" type="stmt"/>
        <line num="84" count="26" type="cond" truecount="5" falsecount="0"/>
        <line num="85" count="1" type="stmt"/>
        <line num="87" count="25" type="stmt"/>
        <line num="89" count="9" type="cond" truecount="3" falsecount="3"/>
        <line num="92" count="9" type="stmt"/>
        <line num="93" count="9" type="cond" truecount="1" falsecount="1"/>
        <line num="94" count="0" type="stmt"/>
        <line num="96" count="8" type="cond" truecount="1" falsecount="1"/>
        <line num="97" count="0" type="stmt"/>
        <line num="103" count="8" type="stmt"/>
        <line num="105" count="8" type="cond" truecount="2" falsecount="0"/>
        <line num="107" count="3" type="stmt"/>
        <line num="108" count="5" type="cond" truecount="2" falsecount="0"/>
        <line num="109" count="4" type="stmt"/>
        <line num="110" count="4" type="cond" truecount="1" falsecount="1"/>
        <line num="111" count="0" type="stmt"/>
        <line num="113" count="4" type="stmt"/>
        <line num="114" count="12" type="cond" truecount="4" falsecount="1"/>
        <line num="115" count="0" type="stmt"/>
        <line num="117" count="12" type="stmt"/>
        <line num="120" count="1" type="stmt"/>
        <line num="123" count="7" type="stmt"/>
        <line num="124" count="9" type="cond" truecount="1" falsecount="1"/>
        <line num="125" count="9" type="cond" truecount="1" falsecount="1"/>
        <line num="126" count="9" type="cond" truecount="1" falsecount="1"/>
        <line num="127" count="0" type="stmt"/>
        <line num="132" count="7" type="stmt"/>
        <line num="135" count="7" type="stmt"/>
        <line num="138" count="7" type="stmt"/>
        <line num="140" count="7" type="stmt"/>
        <line num="152" count="7" type="cond" truecount="2" falsecount="0"/>
        <line num="153" count="1" type="cond" truecount="2" falsecount="3"/>
        <line num="154" count="0" type="stmt"/>
        <line num="156" count="1" type="stmt"/>
        <line num="160" count="3" type="stmt"/>
        <line num="172" count="7" type="stmt"/>
        <line num="173" count="7" type="stmt"/>
        <line num="174" count="7" type="stmt"/>
        <line num="177" count="7" type="stmt"/>
        <line num="178" count="7" type="stmt"/>
        <line num="179" count="7" type="stmt"/>
        <line num="180" count="7" type="stmt"/>
        <line num="181" count="9" type="cond" truecount="1" falsecount="1"/>
        <line num="182" count="9" type="cond" truecount="1" falsecount="1"/>
        <line num="183" count="9" type="cond" truecount="2" falsecount="0"/>
        <line num="184" count="9" type="stmt"/>
        <line num="185" count="9" type="cond" truecount="4" falsecount="0"/>
        <line num="186" count="9" type="cond" truecount="2" falsecount="0"/>
        <line num="188" count="7" type="cond" truecount="2" falsecount="0"/>
        <line num="193" count="2" type="stmt"/>
        <line num="195" count="5" type="cond" truecount="1" falsecount="1"/>
        <line num="196" count="0" type="stmt"/>
        <line num="198" count="5" type="stmt"/>
        <line num="199" count="5" type="cond" truecount="1" falsecount="1"/>
        <line num="200" count="0" type="stmt"/>
        <line num="207" count="5" type="stmt"/>
        <line num="208" count="6" type="cond" truecount="1" falsecount="1"/>
        <line num="209" count="6" type="cond" truecount="1" falsecount="1"/>
        <line num="211" count="6" type="cond" truecount="5" falsecount="1"/>
        <line num="212" count="0" type="stmt"/>
        <line num="214" count="6" type="cond" truecount="1" falsecount="1"/>
        <line num="215" count="0" type="stmt"/>
        <line num="218" count="6" type="stmt"/>
        <line num="220" count="7" type="cond" truecount="1" falsecount="1"/>
        <line num="221" count="0" type="stmt"/>
        <line num="227" count="7" type="stmt"/>
        <line num="230" count="7" type="stmt"/>
        <line num="231" count="7" type="stmt"/>
        <line num="233" count="7" type="stmt"/>
        <line num="234" count="7" type="stmt"/>
        <line num="236" count="7" type="stmt"/>
        <line num="237" count="7" type="stmt"/>
        <line num="240" count="7" type="cond" truecount="1" falsecount="1"/>
        <line num="242" count="7" type="cond" truecount="5" falsecount="0"/>
        <line num="243" count="1" type="stmt"/>
        <line num="248" count="5" type="cond" truecount="2" falsecount="2"/>
        <line num="250" count="3" type="stmt"/>
        <line num="255" count="3" type="stmt"/>
        <line num="258" count="2" type="stmt"/>
        <line num="263" count="2" type="stmt"/>
        <line num="266" count="0" type="stmt"/>
        <line num="271" count="0" type="stmt"/>
        <line num="274" count="0" type="stmt"/>
        <line num="279" count="3" type="stmt"/>
        <line num="289" count="20" type="stmt"/>
        <line num="290" count="20" type="stmt"/>
        <line num="292" count="27" type="cond" truecount="1" falsecount="1"/>
        <line num="293" count="27" type="cond" truecount="2" falsecount="0"/>
        <line num="294" count="1" type="stmt"/>
        <line num="297" count="19" type="stmt"/>
      </file>
      <file name="table.ts" path="C:\Users\micro\.vscode\microegor\pdf\src\reader\xref\table.ts">
        <metrics statements="89" coveredstatements="75" conditionals="70" coveredconditionals="55" methods="6" coveredmethods="6"/>
        <line num="35" count="145" type="stmt"/>
        <line num="36" count="145" type="stmt"/>
        <line num="48" count="75" type="stmt"/>
        <line num="51" count="75" type="stmt"/>
        <line num="52" count="75" type="cond" truecount="1" falsecount="1"/>
        <line num="53" count="0" type="stmt"/>
        <line num="56" count="75" type="stmt"/>
        <line num="57" count="75" type="stmt"/>
        <line num="58" count="75" type="stmt"/>
        <line num="61" count="75" type="stmt"/>
        <line num="62" count="147" type="stmt"/>
        <line num="65" count="147" type="stmt"/>
        <line num="66" count="147" type="cond" truecount="2" falsecount="0"/>
        <line num="67" count="70" type="stmt"/>
        <line num="71" count="77" type="stmt"/>
        <line num="72" count="77" type="stmt"/>
        <line num="73" count="77" type="stmt"/>
        <line num="75" count="77" type="cond" truecount="1" falsecount="1"/>
        <line num="81" count="0" type="stmt"/>
        <line num="83" count="76" type="cond" truecount="2" falsecount="0"/>
        <line num="84" count="147" type="cond" truecount="4" falsecount="0"/>
        <line num="85" count="147" type="cond" truecount="2" falsecount="0"/>
        <line num="91" count="3" type="stmt"/>
        <line num="95" count="73" type="stmt"/>
        <line num="96" count="73" type="cond" truecount="2" falsecount="0"/>
        <line num="99" count="73" type="stmt"/>
        <line num="100" count="189" type="stmt"/>
        <line num="102" count="189" type="stmt"/>
        <line num="103" count="189" type="stmt"/>
        <line num="108" count="70" type="stmt"/>
        <line num="109" count="70" type="cond" truecount="1" falsecount="1"/>
        <line num="110" count="0" type="stmt"/>
        <line num="113" count="70" type="stmt"/>
        <line num="114" count="70" type="cond" truecount="1" falsecount="1"/>
        <line num="115" count="0" type="stmt"/>
        <line num="118" count="69" type="stmt"/>
        <line num="121" count="69" type="stmt"/>
        <line num="123" count="69" type="stmt"/>
        <line num="129" count="69" type="cond" truecount="2" falsecount="0"/>
        <line num="130" count="17" type="cond" truecount="5" falsecount="0"/>
        <line num="131" count="16" type="stmt"/>
        <line num="133" count="1" type="stmt"/>
        <line num="137" count="69" type="stmt"/>
        <line num="146" count="189" type="stmt"/>
        <line num="147" count="189" type="stmt"/>
        <line num="149" count="189" type="stmt"/>
        <line num="150" count="189" type="stmt"/>
        <line num="153" count="189" type="stmt"/>
        <line num="154" count="189" type="stmt"/>
        <line num="156" count="189" type="cond" truecount="2" falsecount="0"/>
        <line num="157" count="1" type="stmt"/>
        <line num="162" count="188" type="stmt"/>
        <line num="163" count="188" type="stmt"/>
        <line num="166" count="188" type="stmt"/>
        <line num="167" count="188" type="cond" truecount="3" falsecount="1"/>
        <line num="168" count="0" type="stmt"/>
        <line num="170" count="188" type="stmt"/>
        <line num="173" count="188" type="cond" truecount="1" falsecount="1"/>
        <line num="175" count="0" type="stmt"/>
        <line num="176" count="0" type="cond" truecount="0" falsecount="2"/>
        <line num="178" count="0" type="stmt"/>
        <line num="180" count="188" type="cond" truecount="1" falsecount="1"/>
        <line num="182" count="188" type="stmt"/>
        <line num="183" count="0" type="cond" truecount="0" falsecount="2"/>
        <line num="185" count="0" type="stmt"/>
        <line num="188" count="188" type="cond" truecount="2" falsecount="0"/>
        <line num="190" count="183" type="stmt"/>
        <line num="195" count="5" type="cond" truecount="1" falsecount="1"/>
        <line num="197" count="5" type="stmt"/>
        <line num="204" count="0" type="stmt"/>
        <line num="211" count="153" type="stmt"/>
        <line num="213" count="153" type="stmt"/>
        <line num="214" count="307" type="stmt"/>
        <line num="215" count="307" type="cond" truecount="4" falsecount="0"/>
        <line num="216" count="154" type="stmt"/>
        <line num="218" count="153" type="stmt"/>
        <line num="222" count="153" type="cond" truecount="2" falsecount="0"/>
        <line num="223" count="1" type="stmt"/>
        <line num="225" count="152" type="stmt"/>
        <line num="229" count="378" type="cond" truecount="1" falsecount="1"/>
        <line num="230" count="0" type="stmt"/>
        <line num="232" count="378" type="stmt"/>
        <line num="233" count="378" type="stmt"/>
        <line num="234" count="2835" type="stmt"/>
        <line num="235" count="2835" type="cond" truecount="3" falsecount="1"/>
        <line num="236" count="0" type="stmt"/>
        <line num="239" count="378" type="stmt"/>
        <line num="243" count="377" type="cond" truecount="3" falsecount="1"/>
        <line num="244" count="0" type="stmt"/>
      </file>
    </package>
  </project>
</coverage>
