{
  "C:\\Users\\micro\\.vscode\\microegor\\pdf\\src\\reader\\buffer.ts": {
    "path": "C:\\Users\\micro\\.vscode\\microegor\\pdf\\src\\reader\\buffer.ts",
    "statementMap": {
      "0": { "start": { "line": 13, "column": 21 }, "end": { "line": 13, "column": null } },
      "1": { "start": { "line": 14, "column": 19 }, "end": { "line": 14, "column": null } },
      "2": { "start": { "line": 15, "column": 18 }, "end": { "line": 15, "column": null } },
      "3": { "start": { "line": 16, "column": 18 }, "end": { "line": 16, "column": null } },
      "4": { "start": { "line": 17, "column": 18 }, "end": { "line": 17, "column": null } },
      "5": { "start": { "line": 18, "column": 20 }, "end": { "line": 18, "column": null } },
      "6": { "start": { "line": 21, "column": 22 }, "end": { "line": 21, "column": null } },
      "7": { "start": { "line": 22, "column": 22 }, "end": { "line": 22, "column": null } },
      "8": { "start": { "line": 23, "column": 22 }, "end": { "line": 23, "column": null } },
      "9": { "start": { "line": 24, "column": 22 }, "end": { "line": 24, "column": null } },
      "10": { "start": { "line": 25, "column": 24 }, "end": { "line": 25, "column": null } },
      "11": { "start": { "line": 26, "column": 24 }, "end": { "line": 26, "column": null } },
      "12": { "start": { "line": 27, "column": 22 }, "end": { "line": 27, "column": null } },
      "13": { "start": { "line": 28, "column": 22 }, "end": { "line": 28, "column": null } },
      "14": { "start": { "line": 29, "column": 21 }, "end": { "line": 29, "column": null } },
      "15": { "start": { "line": 30, "column": 23 }, "end": { "line": 30, "column": null } },
      "16": { "start": { "line": 33, "column": 20 }, "end": { "line": 33, "column": null } },
      "17": { "start": { "line": 34, "column": 21 }, "end": { "line": 34, "column": null } },
      "18": { "start": { "line": 35, "column": 19 }, "end": { "line": 35, "column": null } },
      "19": { "start": { "line": 36, "column": 20 }, "end": { "line": 36, "column": null } },
      "20": { "start": { "line": 37, "column": 20 }, "end": { "line": 37, "column": null } },
      "21": { "start": { "line": 40, "column": 23 }, "end": { "line": 40, "column": null } },
      "22": { "start": { "line": 41, "column": 23 }, "end": { "line": 41, "column": null } },
      "23": { "start": { "line": 42, "column": 23 }, "end": { "line": 42, "column": null } },
      "24": { "start": { "line": 43, "column": 23 }, "end": { "line": 43, "column": null } },
      "25": { "start": { "line": 46, "column": 25 }, "end": { "line": 46, "column": null } },
      "26": { "start": { "line": 47, "column": 20 }, "end": { "line": 47, "column": null } },
      "27": { "start": { "line": 53, "column": 28 }, "end": { "line": 53, "column": null } },
      "28": { "start": { "line": 54, "column": 29 }, "end": { "line": 54, "column": null } },
      "29": { "start": { "line": 55, "column": 28 }, "end": { "line": 55, "column": null } },
      "30": { "start": { "line": 56, "column": 27 }, "end": { "line": 56, "column": null } },
      "31": { "start": { "line": 57, "column": 30 }, "end": { "line": 57, "column": null } },
      "32": { "start": { "line": 58, "column": 30 }, "end": { "line": 58, "column": null } },
      "33": { "start": { "line": 59, "column": 33 }, "end": { "line": 61, "column": null } },
      "34": { "start": { "line": 62, "column": 28 }, "end": { "line": 62, "column": null } },
      "35": { "start": { "line": 63, "column": 31 }, "end": { "line": 63, "column": null } },
      "36": { "start": { "line": 64, "column": 33 }, "end": { "line": 66, "column": null } },
      "37": { "start": { "line": 67, "column": 25 }, "end": { "line": 67, "column": null } },
      "38": { "start": { "line": 68, "column": 25 }, "end": { "line": 68, "column": null } },
      "39": { "start": { "line": 69, "column": 25 }, "end": { "line": 69, "column": null } },
      "40": { "start": { "line": 71, "column": 26 }, "end": { "line": 71, "column": null } },
      "41": { "start": { "line": 72, "column": 26 }, "end": { "line": 72, "column": null } },
      "42": { "start": { "line": 82, "column": 2 }, "end": { "line": 82, "column": null } },
      "43": { "start": { "line": 89, "column": 2 }, "end": { "line": 89, "column": null } },
      "44": { "start": { "line": 96, "column": 2 }, "end": { "line": 96, "column": null } },
      "45": { "start": { "line": 103, "column": 2 }, "end": { "line": 103, "column": null } },
      "46": { "start": { "line": 110, "column": 2 }, "end": { "line": 110, "column": null } },
      "47": { "start": { "line": 117, "column": 2 }, "end": { "line": 117, "column": null } },
      "48": { "start": { "line": 124, "column": 2 }, "end": { "line": 124, "column": null } },
      "49": { "start": { "line": 131, "column": 2 }, "end": { "line": 131, "column": null } },
      "50": { "start": { "line": 138, "column": 2 }, "end": { "line": 138, "column": null } },
      "51": { "start": { "line": 145, "column": 2 }, "end": { "line": 145, "column": null } },
      "52": { "start": { "line": 156, "column": 2 }, "end": { "line": 157, "column": null } },
      "53": { "start": { "line": 165, "column": 2 }, "end": { "line": 165, "column": null } },
      "54": { "start": { "line": 172, "column": 2 }, "end": { "line": 172, "column": null } },
      "55": { "start": { "line": 179, "column": 2 }, "end": { "line": 182, "column": null } },
      "56": { "start": { "line": 190, "column": 2 }, "end": { "line": 200, "column": null } },
      "57": { "start": { "line": 208, "column": 2 }, "end": { "line": 208, "column": null } },
      "58": { "start": { "line": 219, "column": 2 }, "end": { "line": 221, "column": null } },
      "59": { "start": { "line": 220, "column": 4 }, "end": { "line": 220, "column": null } },
      "60": { "start": { "line": 222, "column": 2 }, "end": { "line": 226, "column": null } },
      "61": { "start": { "line": 222, "column": 15 }, "end": { "line": 222, "column": 18 } },
      "62": { "start": { "line": 223, "column": 4 }, "end": { "line": 225, "column": null } },
      "63": { "start": { "line": 224, "column": 6 }, "end": { "line": 224, "column": null } },
      "64": { "start": { "line": 227, "column": 2 }, "end": { "line": 227, "column": null } },
      "65": { "start": { "line": 234, "column": 2 }, "end": { "line": 234, "column": null } },
      "66": { "start": { "line": 241, "column": 2 }, "end": { "line": 248, "column": null } },
      "67": { "start": { "line": 242, "column": 17 }, "end": { "line": 242, "column": null } },
      "68": { "start": { "line": 243, "column": 4 }, "end": { "line": 247, "column": null } },
      "69": { "start": { "line": 244, "column": 6 }, "end": { "line": 244, "column": null } },
      "70": { "start": { "line": 246, "column": 6 }, "end": { "line": 246, "column": null } },
      "71": { "start": { "line": 255, "column": 2 }, "end": { "line": 268, "column": null } },
      "72": { "start": { "line": 256, "column": 17 }, "end": { "line": 256, "column": null } },
      "73": { "start": { "line": 257, "column": 4 }, "end": { "line": 257, "column": null } },
      "74": { "start": { "line": 258, "column": 4 }, "end": { "line": 260, "column": null } },
      "75": { "start": { "line": 259, "column": 6 }, "end": { "line": 259, "column": null } },
      "76": { "start": { "line": 261, "column": 4 }, "end": { "line": 267, "column": null } },
      "77": { "start": { "line": 263, "column": 6 }, "end": { "line": 265, "column": null } },
      "78": { "start": { "line": 264, "column": 8 }, "end": { "line": 264, "column": null } },
      "79": { "start": { "line": 266, "column": 6 }, "end": { "line": 266, "column": null } },
      "80": { "start": { "line": 275, "column": 2 }, "end": { "line": 277, "column": null } },
      "81": { "start": { "line": 276, "column": 4 }, "end": { "line": 276, "column": null } },
      "82": { "start": { "line": 284, "column": 2 }, "end": { "line": 293, "column": null } },
      "83": { "start": { "line": 285, "column": 17 }, "end": { "line": 285, "column": null } },
      "84": { "start": { "line": 286, "column": 4 }, "end": { "line": 292, "column": null } },
      "85": { "start": { "line": 287, "column": 6 }, "end": { "line": 287, "column": null } },
      "86": { "start": { "line": 288, "column": 11 }, "end": { "line": 292, "column": null } },
      "87": { "start": { "line": 289, "column": 6 }, "end": { "line": 289, "column": null } },
      "88": { "start": { "line": 291, "column": 6 }, "end": { "line": 291, "column": null } },
      "89": { "start": { "line": 309, "column": 20 }, "end": { "line": 309, "column": null } },
      "90": { "start": { "line": 310, "column": 2 }, "end": { "line": 314, "column": null } },
      "91": { "start": { "line": 310, "column": 15 }, "end": { "line": 310, "column": 28 } },
      "92": { "start": { "line": 311, "column": 4 }, "end": { "line": 313, "column": null } },
      "93": { "start": { "line": 312, "column": 6 }, "end": { "line": 312, "column": null } },
      "94": { "start": { "line": 315, "column": 2 }, "end": { "line": 315, "column": null } },
      "95": { "start": { "line": 327, "column": 16 }, "end": { "line": 327, "column": null } },
      "96": { "start": { "line": 328, "column": 2 }, "end": { "line": 332, "column": null } },
      "97": { "start": { "line": 328, "column": 15 }, "end": { "line": 328, "column": 22 } },
      "98": { "start": { "line": 329, "column": 4 }, "end": { "line": 331, "column": null } },
      "99": { "start": { "line": 330, "column": 6 }, "end": { "line": 330, "column": null } },
      "100": { "start": { "line": 333, "column": 2 }, "end": { "line": 333, "column": null } },
      "101": { "start": { "line": 344, "column": 2 }, "end": { "line": 346, "column": null } },
      "102": { "start": { "line": 345, "column": 4 }, "end": { "line": 345, "column": null } },
      "103": { "start": { "line": 347, "column": 2 }, "end": { "line": 349, "column": null } },
      "104": { "start": { "line": 348, "column": 4 }, "end": { "line": 348, "column": null } },
      "105": { "start": { "line": 350, "column": 2 }, "end": { "line": 352, "column": null } },
      "106": { "start": { "line": 351, "column": 4 }, "end": { "line": 351, "column": null } },
      "107": { "start": { "line": 353, "column": 2 }, "end": { "line": 353, "column": null } },
      "108": { "start": { "line": 363, "column": 15 }, "end": { "line": 363, "column": null } },
      "109": { "start": { "line": 364, "column": 20 }, "end": { "line": 364, "column": null } },
      "110": { "start": { "line": 365, "column": 2 }, "end": { "line": 372, "column": null } },
      "111": { "start": { "line": 365, "column": 19 }, "end": { "line": 365, "column": 22 } },
      "112": { "start": { "line": 366, "column": 16 }, "end": { "line": 366, "column": null } },
      "113": { "start": { "line": 367, "column": 28 }, "end": { "line": 367, "column": null } },
      "114": { "start": { "line": 368, "column": 4 }, "end": { "line": 370, "column": null } },
      "115": { "start": { "line": 368, "column": 17 }, "end": { "line": 368, "column": 24 } },
      "116": { "start": { "line": 369, "column": 6 }, "end": { "line": 369, "column": null } },
      "117": { "start": { "line": 371, "column": 4 }, "end": { "line": 371, "column": null } },
      "118": { "start": { "line": 373, "column": 2 }, "end": { "line": 373, "column": null } },
      "119": { "start": { "line": 380, "column": 14 }, "end": { "line": 380, "column": null } },
      "120": { "start": { "line": 381, "column": 17 }, "end": { "line": 381, "column": null } },
      "121": { "start": { "line": 382, "column": 10 }, "end": { "line": 382, "column": null } },
      "122": { "start": { "line": 384, "column": 2 }, "end": { "line": 389, "column": null } },
      "123": { "start": { "line": 385, "column": 4 }, "end": { "line": 385, "column": null } },
      "124": { "start": { "line": 386, "column": 4 }, "end": { "line": 386, "column": null } },
      "125": { "start": { "line": 387, "column": 9 }, "end": { "line": 389, "column": null } },
      "126": { "start": { "line": 388, "column": 4 }, "end": { "line": 388, "column": null } },
      "127": { "start": { "line": 391, "column": 2 }, "end": { "line": 397, "column": null } },
      "128": { "start": { "line": 392, "column": 17 }, "end": { "line": 392, "column": null } },
      "129": { "start": { "line": 393, "column": 4 }, "end": { "line": 395, "column": null } },
      "130": { "start": { "line": 394, "column": 6 }, "end": { "line": 394, "column": null } },
      "131": { "start": { "line": 396, "column": 4 }, "end": { "line": 396, "column": null } },
      "132": { "start": { "line": 399, "column": 2 }, "end": { "line": 399, "column": null } },
      "133": { "start": { "line": 407, "column": 2 }, "end": { "line": 407, "column": null } }
    },
    "fnMap": {
      "0": {
        "name": "createCursor",
        "decl": { "start": { "line": 81, "column": 16 }, "end": { "line": 81, "column": 29 } },
        "loc": { "start": { "line": 81, "column": 79 }, "end": { "line": 83, "column": null } },
        "line": 81
      },
      "1": {
        "name": "hasMore",
        "decl": { "start": { "line": 88, "column": 16 }, "end": { "line": 88, "column": 24 } },
        "loc": { "start": { "line": 88, "column": 49 }, "end": { "line": 90, "column": null } },
        "line": 88
      },
      "2": {
        "name": "hasBytes",
        "decl": { "start": { "line": 95, "column": 16 }, "end": { "line": 95, "column": 25 } },
        "loc": { "start": { "line": 95, "column": 61 }, "end": { "line": 97, "column": null } },
        "line": 95
      },
      "3": {
        "name": "peek",
        "decl": { "start": { "line": 102, "column": 16 }, "end": { "line": 102, "column": 21 } },
        "loc": { "start": { "line": 102, "column": 45 }, "end": { "line": 104, "column": null } },
        "line": 102
      },
      "4": {
        "name": "peekBytes",
        "decl": { "start": { "line": 109, "column": 16 }, "end": { "line": 109, "column": 26 } },
        "loc": { "start": { "line": 109, "column": 69 }, "end": { "line": 111, "column": null } },
        "line": 109
      },
      "5": {
        "name": "read",
        "decl": { "start": { "line": 116, "column": 16 }, "end": { "line": 116, "column": 21 } },
        "loc": { "start": { "line": 116, "column": 45 }, "end": { "line": 118, "column": null } },
        "line": 116
      },
      "6": {
        "name": "advance",
        "decl": { "start": { "line": 123, "column": 16 }, "end": { "line": 123, "column": 24 } },
        "loc": { "start": { "line": 123, "column": 61 }, "end": { "line": 125, "column": null } },
        "line": 123
      },
      "7": {
        "name": "seek",
        "decl": { "start": { "line": 130, "column": 16 }, "end": { "line": 130, "column": 21 } },
        "loc": { "start": { "line": 130, "column": 61 }, "end": { "line": 132, "column": null } },
        "line": 130
      },
      "8": {
        "name": "remaining",
        "decl": { "start": { "line": 137, "column": 16 }, "end": { "line": 137, "column": 26 } },
        "loc": { "start": { "line": 137, "column": 54 }, "end": { "line": 139, "column": null } },
        "line": 137
      },
      "9": {
        "name": "slice",
        "decl": { "start": { "line": 144, "column": 16 }, "end": { "line": 144, "column": 22 } },
        "loc": { "start": { "line": 144, "column": 78 }, "end": { "line": 146, "column": null } },
        "line": 144
      },
      "10": {
        "name": "isWhitespace",
        "decl": { "start": { "line": 155, "column": 16 }, "end": { "line": 155, "column": 29 } },
        "loc": { "start": { "line": 155, "column": 52 }, "end": { "line": 159, "column": null } },
        "line": 155
      },
      "11": {
        "name": "isEOL",
        "decl": { "start": { "line": 164, "column": 16 }, "end": { "line": 164, "column": 22 } },
        "loc": { "start": { "line": 164, "column": 45 }, "end": { "line": 166, "column": null } },
        "line": 164
      },
      "12": {
        "name": "isDigit",
        "decl": { "start": { "line": 171, "column": 16 }, "end": { "line": 171, "column": 24 } },
        "loc": { "start": { "line": 171, "column": 47 }, "end": { "line": 173, "column": null } },
        "line": 171
      },
      "13": {
        "name": "isHexDigit",
        "decl": { "start": { "line": 178, "column": 16 }, "end": { "line": 178, "column": 27 } },
        "loc": { "start": { "line": 178, "column": 50 }, "end": { "line": 184, "column": null } },
        "line": 178
      },
      "14": {
        "name": "isDelimiter",
        "decl": { "start": { "line": 189, "column": 16 }, "end": { "line": 189, "column": 28 } },
        "loc": { "start": { "line": 189, "column": 51 }, "end": { "line": 202, "column": null } },
        "line": 189
      },
      "15": {
        "name": "isNumberStart",
        "decl": { "start": { "line": 207, "column": 16 }, "end": { "line": 207, "column": 30 } },
        "loc": { "start": { "line": 207, "column": 53 }, "end": { "line": 209, "column": null } },
        "line": 207
      },
      "16": {
        "name": "matchBytes",
        "decl": { "start": { "line": 218, "column": 16 }, "end": { "line": 218, "column": 27 } },
        "loc": { "start": { "line": 218, "column": 93 }, "end": { "line": 228, "column": null } },
        "line": 218
      },
      "17": {
        "name": "matchPattern",
        "decl": { "start": { "line": 233, "column": 16 }, "end": { "line": 233, "column": 29 } },
        "loc": { "start": { "line": 233, "column": 75 }, "end": { "line": 235, "column": null } },
        "line": 233
      },
      "18": {
        "name": "skipWhitespace",
        "decl": { "start": { "line": 240, "column": 16 }, "end": { "line": 240, "column": 31 } },
        "loc": { "start": { "line": 240, "column": 53 }, "end": { "line": 249, "column": null } },
        "line": 240
      },
      "19": {
        "name": "skipLine",
        "decl": { "start": { "line": 254, "column": 16 }, "end": { "line": 254, "column": 25 } },
        "loc": { "start": { "line": 254, "column": 47 }, "end": { "line": 269, "column": null } },
        "line": 254
      },
      "20": {
        "name": "skipComment",
        "decl": { "start": { "line": 274, "column": 16 }, "end": { "line": 274, "column": 28 } },
        "loc": { "start": { "line": 274, "column": 50 }, "end": { "line": 278, "column": null } },
        "line": 274
      },
      "21": {
        "name": "skipWhitespaceAndComments",
        "decl": { "start": { "line": 283, "column": 16 }, "end": { "line": 283, "column": 42 } },
        "loc": { "start": { "line": 283, "column": 64 }, "end": { "line": 294, "column": null } },
        "line": 283
      },
      "22": {
        "name": "findPattern",
        "decl": { "start": { "line": 304, "column": 16 }, "end": { "line": 304, "column": null } },
        "loc": { "start": { "line": 308, "column": 10 }, "end": { "line": 316, "column": null } },
        "line": 308
      },
      "23": {
        "name": "findPatternBackward",
        "decl": { "start": { "line": 322, "column": 16 }, "end": { "line": 322, "column": null } },
        "loc": { "start": { "line": 326, "column": 10 }, "end": { "line": 334, "column": null } },
        "line": 326
      },
      "24": {
        "name": "hexValue",
        "decl": { "start": { "line": 343, "column": 16 }, "end": { "line": 343, "column": 25 } },
        "loc": { "start": { "line": 343, "column": 47 }, "end": { "line": 354, "column": null } },
        "line": 343
      },
      "25": {
        "name": "bytesToString",
        "decl": { "start": { "line": 359, "column": 16 }, "end": { "line": 359, "column": 30 } },
        "loc": { "start": { "line": 359, "column": 57 }, "end": { "line": 374, "column": null } },
        "line": 359
      },
      "26": {
        "name": "parseInteger",
        "decl": { "start": { "line": 379, "column": 16 }, "end": { "line": 379, "column": 29 } },
        "loc": { "start": { "line": 379, "column": 85 }, "end": { "line": 400, "column": null } },
        "line": 379
      },
      "27": {
        "name": "parseFloatFromBytes",
        "decl": { "start": { "line": 405, "column": 16 }, "end": { "line": 405, "column": 36 } },
        "loc": { "start": { "line": 405, "column": 92 }, "end": { "line": 408, "column": null } },
        "line": 405
      }
    },
    "branchMap": {
      "0": {
        "loc": { "start": { "line": 81, "column": 49 }, "end": { "line": 81, "column": 79 } },
        "type": "default-arg",
        "locations": [
          { "start": { "line": 81, "column": 68 }, "end": { "line": 81, "column": 79 } }
        ],
        "line": 81
      },
      "1": {
        "loc": { "start": { "line": 103, "column": 9 }, "end": { "line": 103, "column": null } },
        "type": "binary-expr",
        "locations": [
          { "start": { "line": 103, "column": 9 }, "end": { "line": 103, "column": 43 } },
          { "start": { "line": 103, "column": 43 }, "end": { "line": 103, "column": null } }
        ],
        "line": 103
      },
      "2": {
        "loc": { "start": { "line": 117, "column": 9 }, "end": { "line": 117, "column": null } },
        "type": "binary-expr",
        "locations": [
          { "start": { "line": 117, "column": 9 }, "end": { "line": 117, "column": 45 } },
          { "start": { "line": 117, "column": 45 }, "end": { "line": 117, "column": null } }
        ],
        "line": 117
      },
      "3": {
        "loc": { "start": { "line": 123, "column": 40 }, "end": { "line": 123, "column": 61 } },
        "type": "default-arg",
        "locations": [
          { "start": { "line": 123, "column": 52 }, "end": { "line": 123, "column": 61 } }
        ],
        "line": 123
      },
      "4": {
        "loc": { "start": { "line": 157, "column": 4 }, "end": { "line": 157, "column": null } },
        "type": "binary-expr",
        "locations": [
          { "start": { "line": 157, "column": 4 }, "end": { "line": 157, "column": 22 } },
          { "start": { "line": 157, "column": 22 }, "end": { "line": 157, "column": 38 } },
          { "start": { "line": 157, "column": 38 }, "end": { "line": 157, "column": 53 } },
          { "start": { "line": 157, "column": 53 }, "end": { "line": 157, "column": 68 } },
          { "start": { "line": 157, "column": 68 }, "end": { "line": 157, "column": 83 } },
          { "start": { "line": 157, "column": 83 }, "end": { "line": 157, "column": null } }
        ],
        "line": 157
      },
      "5": {
        "loc": { "start": { "line": 165, "column": 9 }, "end": { "line": 165, "column": null } },
        "type": "binary-expr",
        "locations": [
          { "start": { "line": 165, "column": 9 }, "end": { "line": 165, "column": 24 } },
          { "start": { "line": 165, "column": 24 }, "end": { "line": 165, "column": null } }
        ],
        "line": 165
      },
      "6": {
        "loc": { "start": { "line": 172, "column": 9 }, "end": { "line": 172, "column": null } },
        "type": "binary-expr",
        "locations": [
          { "start": { "line": 172, "column": 9 }, "end": { "line": 172, "column": 25 } },
          { "start": { "line": 172, "column": 25 }, "end": { "line": 172, "column": null } }
        ],
        "line": 172
      },
      "7": {
        "loc": { "start": { "line": 180, "column": 5 }, "end": { "line": 182, "column": null } },
        "type": "binary-expr",
        "locations": [
          { "start": { "line": 180, "column": 5 }, "end": { "line": 180, "column": 21 } },
          { "start": { "line": 180, "column": 21 }, "end": { "line": 180, "column": null } },
          { "start": { "line": 181, "column": 5 }, "end": { "line": 181, "column": 24 } },
          { "start": { "line": 181, "column": 24 }, "end": { "line": 181, "column": null } },
          { "start": { "line": 182, "column": 5 }, "end": { "line": 182, "column": 24 } },
          { "start": { "line": 182, "column": 24 }, "end": { "line": 182, "column": null } }
        ],
        "line": 180
      },
      "8": {
        "loc": { "start": { "line": 191, "column": 4 }, "end": { "line": 200, "column": null } },
        "type": "binary-expr",
        "locations": [
          { "start": { "line": 191, "column": 4 }, "end": { "line": 191, "column": null } },
          { "start": { "line": 192, "column": 4 }, "end": { "line": 192, "column": null } },
          { "start": { "line": 193, "column": 4 }, "end": { "line": 193, "column": null } },
          { "start": { "line": 194, "column": 4 }, "end": { "line": 194, "column": null } },
          { "start": { "line": 195, "column": 4 }, "end": { "line": 195, "column": null } },
          { "start": { "line": 196, "column": 4 }, "end": { "line": 196, "column": null } },
          { "start": { "line": 197, "column": 4 }, "end": { "line": 197, "column": null } },
          { "start": { "line": 198, "column": 4 }, "end": { "line": 198, "column": null } },
          { "start": { "line": 199, "column": 4 }, "end": { "line": 199, "column": null } },
          { "start": { "line": 200, "column": 4 }, "end": { "line": 200, "column": null } }
        ],
        "line": 191
      },
      "9": {
        "loc": { "start": { "line": 208, "column": 9 }, "end": { "line": 208, "column": null } },
        "type": "binary-expr",
        "locations": [
          { "start": { "line": 208, "column": 9 }, "end": { "line": 208, "column": 26 } },
          { "start": { "line": 208, "column": 26 }, "end": { "line": 208, "column": 43 } },
          { "start": { "line": 208, "column": 43 }, "end": { "line": 208, "column": 61 } },
          { "start": { "line": 208, "column": 61 }, "end": { "line": 208, "column": null } }
        ],
        "line": 208
      },
      "10": {
        "loc": { "start": { "line": 219, "column": 2 }, "end": { "line": 221, "column": null } },
        "type": "if",
        "locations": [
          { "start": { "line": 219, "column": 2 }, "end": { "line": 221, "column": null } },
          { "start": {}, "end": {} }
        ],
        "line": 219
      },
      "11": {
        "loc": { "start": { "line": 223, "column": 4 }, "end": { "line": 225, "column": null } },
        "type": "if",
        "locations": [
          { "start": { "line": 223, "column": 4 }, "end": { "line": 225, "column": null } },
          { "start": {}, "end": {} }
        ],
        "line": 223
      },
      "12": {
        "loc": { "start": { "line": 243, "column": 4 }, "end": { "line": 247, "column": null } },
        "type": "if",
        "locations": [
          { "start": { "line": 243, "column": 4 }, "end": { "line": 247, "column": null } },
          { "start": { "line": 245, "column": 11 }, "end": { "line": 247, "column": null } }
        ],
        "line": 243
      },
      "13": {
        "loc": { "start": { "line": 243, "column": 8 }, "end": { "line": 243, "column": 50 } },
        "type": "binary-expr",
        "locations": [
          { "start": { "line": 243, "column": 8 }, "end": { "line": 243, "column": 30 } },
          { "start": { "line": 243, "column": 30 }, "end": { "line": 243, "column": 50 } }
        ],
        "line": 243
      },
      "14": {
        "loc": { "start": { "line": 258, "column": 4 }, "end": { "line": 260, "column": null } },
        "type": "if",
        "locations": [
          { "start": { "line": 258, "column": 4 }, "end": { "line": 260, "column": null } },
          { "start": {}, "end": {} }
        ],
        "line": 258
      },
      "15": {
        "loc": { "start": { "line": 261, "column": 4 }, "end": { "line": 267, "column": null } },
        "type": "if",
        "locations": [
          { "start": { "line": 261, "column": 4 }, "end": { "line": 267, "column": null } },
          { "start": {}, "end": {} }
        ],
        "line": 261
      },
      "16": {
        "loc": { "start": { "line": 263, "column": 6 }, "end": { "line": 265, "column": null } },
        "type": "if",
        "locations": [
          { "start": { "line": 263, "column": 6 }, "end": { "line": 265, "column": null } },
          { "start": {}, "end": {} }
        ],
        "line": 263
      },
      "17": {
        "loc": { "start": { "line": 275, "column": 2 }, "end": { "line": 277, "column": null } },
        "type": "if",
        "locations": [
          { "start": { "line": 275, "column": 2 }, "end": { "line": 277, "column": null } },
          { "start": {}, "end": {} }
        ],
        "line": 275
      },
      "18": {
        "loc": { "start": { "line": 286, "column": 4 }, "end": { "line": 292, "column": null } },
        "type": "if",
        "locations": [
          { "start": { "line": 286, "column": 4 }, "end": { "line": 292, "column": null } },
          { "start": { "line": 288, "column": 11 }, "end": { "line": 292, "column": null } }
        ],
        "line": 286
      },
      "19": {
        "loc": { "start": { "line": 286, "column": 8 }, "end": { "line": 286, "column": 50 } },
        "type": "binary-expr",
        "locations": [
          { "start": { "line": 286, "column": 8 }, "end": { "line": 286, "column": 30 } },
          { "start": { "line": 286, "column": 30 }, "end": { "line": 286, "column": 50 } }
        ],
        "line": 286
      },
      "20": {
        "loc": { "start": { "line": 288, "column": 11 }, "end": { "line": 292, "column": null } },
        "type": "if",
        "locations": [
          { "start": { "line": 288, "column": 11 }, "end": { "line": 292, "column": null } },
          { "start": { "line": 290, "column": 11 }, "end": { "line": 292, "column": null } }
        ],
        "line": 288
      },
      "21": {
        "loc": { "start": { "line": 307, "column": 2 }, "end": { "line": 307, "column": null } },
        "type": "default-arg",
        "locations": [
          { "start": { "line": 307, "column": 24 }, "end": { "line": 307, "column": null } }
        ],
        "line": 307
      },
      "22": {
        "loc": { "start": { "line": 311, "column": 4 }, "end": { "line": 313, "column": null } },
        "type": "if",
        "locations": [
          { "start": { "line": 311, "column": 4 }, "end": { "line": 313, "column": null } },
          { "start": {}, "end": {} }
        ],
        "line": 311
      },
      "23": {
        "loc": { "start": { "line": 327, "column": 16 }, "end": { "line": 327, "column": null } },
        "type": "binary-expr",
        "locations": [
          { "start": { "line": 327, "column": 16 }, "end": { "line": 327, "column": 31 } },
          { "start": { "line": 327, "column": 31 }, "end": { "line": 327, "column": null } }
        ],
        "line": 327
      },
      "24": {
        "loc": { "start": { "line": 329, "column": 4 }, "end": { "line": 331, "column": null } },
        "type": "if",
        "locations": [
          { "start": { "line": 329, "column": 4 }, "end": { "line": 331, "column": null } },
          { "start": {}, "end": {} }
        ],
        "line": 329
      },
      "25": {
        "loc": { "start": { "line": 344, "column": 2 }, "end": { "line": 346, "column": null } },
        "type": "if",
        "locations": [
          { "start": { "line": 344, "column": 2 }, "end": { "line": 346, "column": null } },
          { "start": {}, "end": {} }
        ],
        "line": 344
      },
      "26": {
        "loc": { "start": { "line": 344, "column": 6 }, "end": { "line": 344, "column": 36 } },
        "type": "binary-expr",
        "locations": [
          { "start": { "line": 344, "column": 6 }, "end": { "line": 344, "column": 22 } },
          { "start": { "line": 344, "column": 22 }, "end": { "line": 344, "column": 36 } }
        ],
        "line": 344
      },
      "27": {
        "loc": { "start": { "line": 347, "column": 2 }, "end": { "line": 349, "column": null } },
        "type": "if",
        "locations": [
          { "start": { "line": 347, "column": 2 }, "end": { "line": 349, "column": null } },
          { "start": {}, "end": {} }
        ],
        "line": 347
      },
      "28": {
        "loc": { "start": { "line": 347, "column": 6 }, "end": { "line": 347, "column": 42 } },
        "type": "binary-expr",
        "locations": [
          { "start": { "line": 347, "column": 6 }, "end": { "line": 347, "column": 25 } },
          { "start": { "line": 347, "column": 25 }, "end": { "line": 347, "column": 42 } }
        ],
        "line": 347
      },
      "29": {
        "loc": { "start": { "line": 350, "column": 2 }, "end": { "line": 352, "column": null } },
        "type": "if",
        "locations": [
          { "start": { "line": 350, "column": 2 }, "end": { "line": 352, "column": null } },
          { "start": {}, "end": {} }
        ],
        "line": 350
      },
      "30": {
        "loc": { "start": { "line": 350, "column": 6 }, "end": { "line": 350, "column": 42 } },
        "type": "binary-expr",
        "locations": [
          { "start": { "line": 350, "column": 6 }, "end": { "line": 350, "column": 25 } },
          { "start": { "line": 350, "column": 25 }, "end": { "line": 350, "column": 42 } }
        ],
        "line": 350
      },
      "31": {
        "loc": { "start": { "line": 369, "column": 17 }, "end": { "line": 369, "column": 30 } },
        "type": "binary-expr",
        "locations": [
          { "start": { "line": 369, "column": 17 }, "end": { "line": 369, "column": 29 } },
          { "start": { "line": 369, "column": 29 }, "end": { "line": 369, "column": 30 } }
        ],
        "line": 369
      },
      "32": {
        "loc": { "start": { "line": 384, "column": 2 }, "end": { "line": 389, "column": null } },
        "type": "if",
        "locations": [
          { "start": { "line": 384, "column": 2 }, "end": { "line": 389, "column": null } },
          { "start": { "line": 387, "column": 9 }, "end": { "line": 389, "column": null } }
        ],
        "line": 384
      },
      "33": {
        "loc": { "start": { "line": 387, "column": 9 }, "end": { "line": 389, "column": null } },
        "type": "if",
        "locations": [
          { "start": { "line": 387, "column": 9 }, "end": { "line": 389, "column": null } },
          { "start": {}, "end": {} }
        ],
        "line": 387
      },
      "34": {
        "loc": { "start": { "line": 393, "column": 4 }, "end": { "line": 395, "column": null } },
        "type": "if",
        "locations": [
          { "start": { "line": 393, "column": 4 }, "end": { "line": 395, "column": null } },
          { "start": {}, "end": {} }
        ],
        "line": 393
      },
      "35": {
        "loc": { "start": { "line": 393, "column": 8 }, "end": { "line": 393, "column": 60 } },
        "type": "binary-expr",
        "locations": [
          { "start": { "line": 393, "column": 8 }, "end": { "line": 393, "column": 30 } },
          { "start": { "line": 393, "column": 30 }, "end": { "line": 393, "column": 46 } },
          { "start": { "line": 393, "column": 46 }, "end": { "line": 393, "column": 60 } }
        ],
        "line": 393
      },
      "36": {
        "loc": { "start": { "line": 399, "column": 9 }, "end": { "line": 399, "column": null } },
        "type": "cond-expr",
        "locations": [
          { "start": { "line": 399, "column": 20 }, "end": { "line": 399, "column": 29 } },
          { "start": { "line": 399, "column": 29 }, "end": { "line": 399, "column": null } }
        ],
        "line": 399
      }
    },
    "s": {
      "0": 11,
      "1": 11,
      "2": 11,
      "3": 11,
      "4": 11,
      "5": 11,
      "6": 11,
      "7": 11,
      "8": 11,
      "9": 11,
      "10": 11,
      "11": 11,
      "12": 11,
      "13": 11,
      "14": 11,
      "15": 11,
      "16": 11,
      "17": 11,
      "18": 11,
      "19": 11,
      "20": 11,
      "21": 11,
      "22": 11,
      "23": 11,
      "24": 11,
      "25": 11,
      "26": 11,
      "27": 11,
      "28": 11,
      "29": 11,
      "30": 11,
      "31": 11,
      "32": 11,
      "33": 11,
      "34": 11,
      "35": 11,
      "36": 11,
      "37": 11,
      "38": 11,
      "39": 11,
      "40": 11,
      "41": 11,
      "42": 400,
      "43": 9539,
      "44": 4,
      "45": 10321,
      "46": 2,
      "47": 159,
      "48": 6647,
      "49": 1,
      "50": 1,
      "51": 2,
      "52": 10913,
      "53": 3,
      "54": 6926,
      "55": 26,
      "56": 3396,
      "57": 1667,
      "58": 5740,
      "59": 442,
      "60": 5298,
      "61": 5298,
      "62": 9611,
      "63": 4299,
      "64": 999,
      "65": 4734,
      "66": 414,
      "67": 641,
      "68": 641,
      "69": 227,
      "70": 414,
      "71": 6,
      "72": 21,
      "73": 21,
      "74": 21,
      "75": 4,
      "76": 17,
      "77": 2,
      "78": 1,
      "79": 2,
      "80": 4,
      "81": 3,
      "82": 3518,
      "83": 5632,
      "84": 5632,
      "85": 2126,
      "86": 3506,
      "87": 2,
      "88": 3504,
      "89": 2,
      "90": 2,
      "91": 2,
      "92": 7,
      "93": 1,
      "94": 1,
      "95": 120,
      "96": 120,
      "97": 120,
      "98": 935,
      "99": 118,
      "100": 2,
      "101": 24,
      "102": 14,
      "103": 10,
      "104": 5,
      "105": 5,
      "106": 2,
      "107": 3,
      "108": 1939,
      "109": 1939,
      "110": 1939,
      "111": 1939,
      "112": 1940,
      "113": 1940,
      "114": 1940,
      "115": 1940,
      "116": 42431,
      "117": 1940,
      "118": 1939,
      "119": 590,
      "120": 590,
      "121": 590,
      "122": 590,
      "123": 1,
      "124": 1,
      "125": 589,
      "126": 0,
      "127": 590,
      "128": 3127,
      "129": 3127,
      "130": 3127,
      "131": 3127,
      "132": 590,
      "133": 2
    },
    "f": {
      "0": 400,
      "1": 9539,
      "2": 4,
      "3": 10321,
      "4": 2,
      "5": 159,
      "6": 6647,
      "7": 1,
      "8": 1,
      "9": 2,
      "10": 10913,
      "11": 3,
      "12": 6926,
      "13": 26,
      "14": 3396,
      "15": 1667,
      "16": 5740,
      "17": 4734,
      "18": 414,
      "19": 6,
      "20": 4,
      "21": 3518,
      "22": 2,
      "23": 120,
      "24": 24,
      "25": 1939,
      "26": 590,
      "27": 2
    },
    "b": {
      "0": [400],
      "1": [10321, 1],
      "2": [159, 1],
      "3": [6647],
      "4": [10913, 8454, 8451, 7328, 7326, 7324],
      "5": [3, 2],
      "6": [6926, 5962],
      "7": [26, 26, 14, 14, 8, 7],
      "8": [3396, 3395, 3394, 3393, 3248, 3247, 3229, 3228, 3227, 3226],
      "9": [1667, 687, 686, 681],
      "10": [442, 5298],
      "11": [4299, 5312],
      "12": [227, 414],
      "13": [641, 641],
      "14": [4, 17],
      "15": [2, 15],
      "16": [1, 1],
      "17": [3, 1],
      "18": [2126, 3506],
      "19": [5632, 5632],
      "20": [2, 3504],
      "21": [2],
      "22": [1, 6],
      "23": [120, 61],
      "24": [118, 817],
      "25": [14, 10],
      "26": [24, 24],
      "27": [5, 5],
      "28": [10, 10],
      "29": [2, 3],
      "30": [5, 2],
      "31": [42431, 0],
      "32": [1, 589],
      "33": [0, 589],
      "34": [3127, 0],
      "35": [3127, 3127, 3127],
      "36": [1, 589]
    },
    "meta": {
      "lastBranch": 37,
      "lastFunction": 28,
      "lastStatement": 134,
      "seen": {
        "s:13:21:13:Infinity": 0,
        "s:14:19:14:Infinity": 1,
        "s:15:18:15:Infinity": 2,
        "s:16:18:16:Infinity": 3,
        "s:17:18:17:Infinity": 4,
        "s:18:20:18:Infinity": 5,
        "s:21:22:21:Infinity": 6,
        "s:22:22:22:Infinity": 7,
        "s:23:22:23:Infinity": 8,
        "s:24:22:24:Infinity": 9,
        "s:25:24:25:Infinity": 10,
        "s:26:24:26:Infinity": 11,
        "s:27:22:27:Infinity": 12,
        "s:28:22:28:Infinity": 13,
        "s:29:21:29:Infinity": 14,
        "s:30:23:30:Infinity": 15,
        "s:33:20:33:Infinity": 16,
        "s:34:21:34:Infinity": 17,
        "s:35:19:35:Infinity": 18,
        "s:36:20:36:Infinity": 19,
        "s:37:20:37:Infinity": 20,
        "s:40:23:40:Infinity": 21,
        "s:41:23:41:Infinity": 22,
        "s:42:23:42:Infinity": 23,
        "s:43:23:43:Infinity": 24,
        "s:46:25:46:Infinity": 25,
        "s:47:20:47:Infinity": 26,
        "s:53:28:53:Infinity": 27,
        "s:54:29:54:Infinity": 28,
        "s:55:28:55:Infinity": 29,
        "s:56:27:56:Infinity": 30,
        "s:57:30:57:Infinity": 31,
        "s:58:30:58:Infinity": 32,
        "s:59:33:61:Infinity": 33,
        "s:62:28:62:Infinity": 34,
        "s:63:31:63:Infinity": 35,
        "s:64:33:66:Infinity": 36,
        "s:67:25:67:Infinity": 37,
        "s:68:25:68:Infinity": 38,
        "s:69:25:69:Infinity": 39,
        "s:71:26:71:Infinity": 40,
        "s:72:26:72:Infinity": 41,
        "f:81:16:81:29": 0,
        "b:81:68:81:79": 0,
        "s:82:2:82:Infinity": 42,
        "f:88:16:88:24": 1,
        "s:89:2:89:Infinity": 43,
        "f:95:16:95:25": 2,
        "s:96:2:96:Infinity": 44,
        "f:102:16:102:21": 3,
        "s:103:2:103:Infinity": 45,
        "b:103:9:103:43:103:43:103:Infinity": 1,
        "f:109:16:109:26": 4,
        "s:110:2:110:Infinity": 46,
        "f:116:16:116:21": 5,
        "s:117:2:117:Infinity": 47,
        "b:117:9:117:45:117:45:117:Infinity": 2,
        "f:123:16:123:24": 6,
        "b:123:52:123:61": 3,
        "s:124:2:124:Infinity": 48,
        "f:130:16:130:21": 7,
        "s:131:2:131:Infinity": 49,
        "f:137:16:137:26": 8,
        "s:138:2:138:Infinity": 50,
        "f:144:16:144:22": 9,
        "s:145:2:145:Infinity": 51,
        "f:155:16:155:29": 10,
        "s:156:2:157:Infinity": 52,
        "b:157:4:157:22:157:22:157:38:157:38:157:53:157:53:157:68:157:68:157:83:157:83:157:Infinity": 4,
        "f:164:16:164:22": 11,
        "s:165:2:165:Infinity": 53,
        "b:165:9:165:24:165:24:165:Infinity": 5,
        "f:171:16:171:24": 12,
        "s:172:2:172:Infinity": 54,
        "b:172:9:172:25:172:25:172:Infinity": 6,
        "f:178:16:178:27": 13,
        "s:179:2:182:Infinity": 55,
        "b:180:5:180:21:180:21:180:Infinity:181:5:181:24:181:24:181:Infinity:182:5:182:24:182:24:182:Infinity": 7,
        "f:189:16:189:28": 14,
        "s:190:2:200:Infinity": 56,
        "b:191:4:191:Infinity:192:4:192:Infinity:193:4:193:Infinity:194:4:194:Infinity:195:4:195:Infinity:196:4:196:Infinity:197:4:197:Infinity:198:4:198:Infinity:199:4:199:Infinity:200:4:200:Infinity": 8,
        "f:207:16:207:30": 15,
        "s:208:2:208:Infinity": 57,
        "b:208:9:208:26:208:26:208:43:208:43:208:61:208:61:208:Infinity": 9,
        "f:218:16:218:27": 16,
        "b:219:2:221:Infinity:undefined:undefined:undefined:undefined": 10,
        "s:219:2:221:Infinity": 58,
        "s:220:4:220:Infinity": 59,
        "s:222:2:226:Infinity": 60,
        "s:222:15:222:18": 61,
        "b:223:4:225:Infinity:undefined:undefined:undefined:undefined": 11,
        "s:223:4:225:Infinity": 62,
        "s:224:6:224:Infinity": 63,
        "s:227:2:227:Infinity": 64,
        "f:233:16:233:29": 17,
        "s:234:2:234:Infinity": 65,
        "f:240:16:240:31": 18,
        "s:241:2:248:Infinity": 66,
        "s:242:17:242:Infinity": 67,
        "b:243:4:247:Infinity:245:11:247:Infinity": 12,
        "s:243:4:247:Infinity": 68,
        "b:243:8:243:30:243:30:243:50": 13,
        "s:244:6:244:Infinity": 69,
        "s:246:6:246:Infinity": 70,
        "f:254:16:254:25": 19,
        "s:255:2:268:Infinity": 71,
        "s:256:17:256:Infinity": 72,
        "s:257:4:257:Infinity": 73,
        "b:258:4:260:Infinity:undefined:undefined:undefined:undefined": 14,
        "s:258:4:260:Infinity": 74,
        "s:259:6:259:Infinity": 75,
        "b:261:4:267:Infinity:undefined:undefined:undefined:undefined": 15,
        "s:261:4:267:Infinity": 76,
        "b:263:6:265:Infinity:undefined:undefined:undefined:undefined": 16,
        "s:263:6:265:Infinity": 77,
        "s:264:8:264:Infinity": 78,
        "s:266:6:266:Infinity": 79,
        "f:274:16:274:28": 20,
        "b:275:2:277:Infinity:undefined:undefined:undefined:undefined": 17,
        "s:275:2:277:Infinity": 80,
        "s:276:4:276:Infinity": 81,
        "f:283:16:283:42": 21,
        "s:284:2:293:Infinity": 82,
        "s:285:17:285:Infinity": 83,
        "b:286:4:292:Infinity:288:11:292:Infinity": 18,
        "s:286:4:292:Infinity": 84,
        "b:286:8:286:30:286:30:286:50": 19,
        "s:287:6:287:Infinity": 85,
        "b:288:11:292:Infinity:290:11:292:Infinity": 20,
        "s:288:11:292:Infinity": 86,
        "s:289:6:289:Infinity": 87,
        "s:291:6:291:Infinity": 88,
        "f:304:16:304:Infinity": 22,
        "b:307:24:307:Infinity": 21,
        "s:309:20:309:Infinity": 89,
        "s:310:2:314:Infinity": 90,
        "s:310:15:310:28": 91,
        "b:311:4:313:Infinity:undefined:undefined:undefined:undefined": 22,
        "s:311:4:313:Infinity": 92,
        "s:312:6:312:Infinity": 93,
        "s:315:2:315:Infinity": 94,
        "f:322:16:322:Infinity": 23,
        "s:327:16:327:Infinity": 95,
        "b:327:16:327:31:327:31:327:Infinity": 23,
        "s:328:2:332:Infinity": 96,
        "s:328:15:328:22": 97,
        "b:329:4:331:Infinity:undefined:undefined:undefined:undefined": 24,
        "s:329:4:331:Infinity": 98,
        "s:330:6:330:Infinity": 99,
        "s:333:2:333:Infinity": 100,
        "f:343:16:343:25": 24,
        "b:344:2:346:Infinity:undefined:undefined:undefined:undefined": 25,
        "s:344:2:346:Infinity": 101,
        "b:344:6:344:22:344:22:344:36": 26,
        "s:345:4:345:Infinity": 102,
        "b:347:2:349:Infinity:undefined:undefined:undefined:undefined": 27,
        "s:347:2:349:Infinity": 103,
        "b:347:6:347:25:347:25:347:42": 28,
        "s:348:4:348:Infinity": 104,
        "b:350:2:352:Infinity:undefined:undefined:undefined:undefined": 29,
        "s:350:2:352:Infinity": 105,
        "b:350:6:350:25:350:25:350:42": 30,
        "s:351:4:351:Infinity": 106,
        "s:353:2:353:Infinity": 107,
        "f:359:16:359:30": 25,
        "s:363:15:363:Infinity": 108,
        "s:364:20:364:Infinity": 109,
        "s:365:2:372:Infinity": 110,
        "s:365:19:365:22": 111,
        "s:366:16:366:Infinity": 112,
        "s:367:28:367:Infinity": 113,
        "s:368:4:370:Infinity": 114,
        "s:368:17:368:24": 115,
        "s:369:6:369:Infinity": 116,
        "b:369:17:369:29:369:29:369:30": 31,
        "s:371:4:371:Infinity": 117,
        "s:373:2:373:Infinity": 118,
        "f:379:16:379:29": 26,
        "s:380:14:380:Infinity": 119,
        "s:381:17:381:Infinity": 120,
        "s:382:10:382:Infinity": 121,
        "b:384:2:389:Infinity:387:9:389:Infinity": 32,
        "s:384:2:389:Infinity": 122,
        "s:385:4:385:Infinity": 123,
        "s:386:4:386:Infinity": 124,
        "b:387:9:389:Infinity:undefined:undefined:undefined:undefined": 33,
        "s:387:9:389:Infinity": 125,
        "s:388:4:388:Infinity": 126,
        "s:391:2:397:Infinity": 127,
        "s:392:17:392:Infinity": 128,
        "b:393:4:395:Infinity:undefined:undefined:undefined:undefined": 34,
        "s:393:4:395:Infinity": 129,
        "b:393:8:393:30:393:30:393:46:393:46:393:60": 35,
        "s:394:6:394:Infinity": 130,
        "s:396:4:396:Infinity": 131,
        "s:399:2:399:Infinity": 132,
        "b:399:20:399:29:399:29:399:Infinity": 36,
        "f:405:16:405:36": 27,
        "s:407:2:407:Infinity": 133
      },
      "fnNames": {}
    }
  },
  "C:\\Users\\micro\\.vscode\\microegor\\pdf\\src\\reader\\diff.ts": {
    "path": "C:\\Users\\micro\\.vscode\\microegor\\pdf\\src\\reader\\diff.ts",
    "statementMap": {
      "0": { "start": { "line": 77, "column": 21 }, "end": { "line": 77, "column": null } },
      "1": { "start": { "line": 89, "column": 2 }, "end": { "line": 89, "column": null } },
      "2": { "start": { "line": 99, "column": 2 }, "end": { "line": 99, "column": null } },
      "3": { "start": { "line": 99, "column": 30 }, "end": { "line": 99, "column": null } },
      "4": { "start": { "line": 101, "column": 2 }, "end": { "line": 101, "column": null } },
      "5": { "start": { "line": 101, "column": 30 }, "end": { "line": 101, "column": null } },
      "6": { "start": { "line": 104, "column": 2 }, "end": { "line": 104, "column": null } },
      "7": { "start": { "line": 104, "column": 15 }, "end": { "line": 104, "column": null } },
      "8": { "start": { "line": 106, "column": 2 }, "end": { "line": 106, "column": null } },
      "9": { "start": { "line": 106, "column": 25 }, "end": { "line": 106, "column": null } },
      "10": { "start": { "line": 107, "column": 20 }, "end": { "line": 107, "column": null } },
      "11": { "start": { "line": 108, "column": 2 }, "end": { "line": 108, "column": null } },
      "12": { "start": { "line": 108, "column": 25 }, "end": { "line": 108, "column": null } },
      "13": { "start": { "line": 111, "column": 2 }, "end": { "line": 111, "column": null } },
      "14": { "start": { "line": 111, "column": 28 }, "end": { "line": 111, "column": null } },
      "15": { "start": { "line": 112, "column": 2 }, "end": { "line": 113, "column": null } },
      "16": { "start": { "line": 112, "column": 17 }, "end": { "line": 112, "column": null } },
      "17": { "start": { "line": 113, "column": 7 }, "end": { "line": 113, "column": null } },
      "18": { "start": { "line": 115, "column": 2 }, "end": { "line": 175, "column": null } },
      "19": { "start": { "line": 117, "column": 6 }, "end": { "line": 117, "column": null } },
      "20": { "start": { "line": 120, "column": 6 }, "end": { "line": 120, "column": null } },
      "21": { "start": { "line": 123, "column": 6 }, "end": { "line": 123, "column": null } },
      "22": { "start": { "line": 127, "column": 6 }, "end": { "line": 127, "column": null } },
      "23": { "start": { "line": 130, "column": 6 }, "end": { "line": 130, "column": null } },
      "24": { "start": { "line": 133, "column": 6 }, "end": { "line": 135, "column": null } },
      "25": { "start": { "line": 139, "column": 19 }, "end": { "line": 139, "column": null } },
      "26": { "start": { "line": 140, "column": 19 }, "end": { "line": 140, "column": null } },
      "27": { "start": { "line": 141, "column": 6 }, "end": { "line": 141, "column": null } },
      "28": { "start": { "line": 141, "column": 51 }, "end": { "line": 141, "column": null } },
      "29": { "start": { "line": 142, "column": 6 }, "end": { "line": 146, "column": null } },
      "30": { "start": { "line": 142, "column": 19 }, "end": { "line": 142, "column": 22 } },
      "31": { "start": { "line": 143, "column": 8 }, "end": { "line": 145, "column": null } },
      "32": { "start": { "line": 144, "column": 10 }, "end": { "line": 144, "column": null } },
      "33": { "start": { "line": 147, "column": 6 }, "end": { "line": 147, "column": null } },
      "34": { "start": { "line": 151, "column": 20 }, "end": { "line": 151, "column": null } },
      "35": { "start": { "line": 152, "column": 20 }, "end": { "line": 152, "column": null } },
      "36": { "start": { "line": 153, "column": 6 }, "end": { "line": 153, "column": null } },
      "37": { "start": { "line": 153, "column": 53 }, "end": { "line": 153, "column": null } },
      "38": { "start": { "line": 154, "column": 6 }, "end": { "line": 157, "column": null } },
      "39": { "start": { "line": 155, "column": 21 }, "end": { "line": 155, "column": null } },
      "40": { "start": { "line": 156, "column": 8 }, "end": { "line": 156, "column": null } },
      "41": { "start": { "line": 156, "column": 75 }, "end": { "line": 156, "column": null } },
      "42": { "start": { "line": 158, "column": 6 }, "end": { "line": 158, "column": null } },
      "43": { "start": { "line": 162, "column": 17 }, "end": { "line": 162, "column": null } },
      "44": { "start": { "line": 163, "column": 17 }, "end": { "line": 163, "column": null } },
      "45": { "start": { "line": 165, "column": 6 }, "end": { "line": 167, "column": null } },
      "46": { "start": { "line": 166, "column": 8 }, "end": { "line": 166, "column": null } },
      "47": { "start": { "line": 169, "column": 6 }, "end": { "line": 169, "column": null } },
      "48": { "start": { "line": 169, "column": 44 }, "end": { "line": 169, "column": null } },
      "49": { "start": { "line": 170, "column": 6 }, "end": { "line": 170, "column": null } },
      "50": { "start": { "line": 174, "column": 6 }, "end": { "line": 174, "column": null } },
      "51": { "start": { "line": 179, "column": 2 }, "end": { "line": 179, "column": null } },
      "52": { "start": { "line": 179, "column": 29 }, "end": { "line": 179, "column": null } },
      "53": { "start": { "line": 180, "column": 2 }, "end": { "line": 182, "column": null } },
      "54": { "start": { "line": 180, "column": 15 }, "end": { "line": 180, "column": 18 } },
      "55": { "start": { "line": 181, "column": 4 }, "end": { "line": 181, "column": null } },
      "56": { "start": { "line": 181, "column": 23 }, "end": { "line": 181, "column": null } },
      "57": { "start": { "line": 183, "column": 2 }, "end": { "line": 183, "column": null } },
      "58": { "start": { "line": 198, "column": 35 }, "end": { "line": 198, "column": null } },
      "59": { "start": { "line": 199, "column": 19 }, "end": { "line": 199, "column": null } },
      "60": { "start": { "line": 200, "column": 21 }, "end": { "line": 200, "column": null } },
      "61": { "start": { "line": 201, "column": 21 }, "end": { "line": 201, "column": null } },
      "62": { "start": { "line": 202, "column": 23 }, "end": { "line": 202, "column": null } },
      "63": { "start": { "line": 204, "column": 21 }, "end": { "line": 204, "column": null } },
      "64": { "start": { "line": 205, "column": 21 }, "end": { "line": 205, "column": null } },
      "65": { "start": { "line": 208, "column": 18 }, "end": { "line": 208, "column": null } },
      "66": { "start": { "line": 210, "column": 2 }, "end": { "line": 227, "column": null } },
      "67": { "start": { "line": 211, "column": 19 }, "end": { "line": 211, "column": null } },
      "68": { "start": { "line": 212, "column": 19 }, "end": { "line": 212, "column": null } },
      "69": { "start": { "line": 214, "column": 4 }, "end": { "line": 226, "column": null } },
      "70": { "start": { "line": 215, "column": 6 }, "end": { "line": 215, "column": null } },
      "71": { "start": { "line": 216, "column": 6 }, "end": { "line": 216, "column": null } },
      "72": { "start": { "line": 217, "column": 11 }, "end": { "line": 226, "column": null } },
      "73": { "start": { "line": 218, "column": 6 }, "end": { "line": 218, "column": null } },
      "74": { "start": { "line": 219, "column": 6 }, "end": { "line": 219, "column": null } },
      "75": { "start": { "line": 220, "column": 11 }, "end": { "line": 226, "column": null } },
      "76": { "start": { "line": 221, "column": 6 }, "end": { "line": 221, "column": null } },
      "77": { "start": { "line": 222, "column": 6 }, "end": { "line": 222, "column": null } },
      "78": { "start": { "line": 224, "column": 6 }, "end": { "line": 224, "column": null } },
      "79": { "start": { "line": 225, "column": 6 }, "end": { "line": 225, "column": null } },
      "80": { "start": { "line": 230, "column": 2 }, "end": { "line": 233, "column": null } },
      "81": { "start": { "line": 231, "column": 18 }, "end": { "line": 231, "column": null } },
      "82": { "start": { "line": 232, "column": 4 }, "end": { "line": 232, "column": null } },
      "83": { "start": { "line": 235, "column": 2 }, "end": { "line": 235, "column": null } },
      "84": { "start": { "line": 250, "column": 36 }, "end": { "line": 250, "column": null } },
      "85": { "start": { "line": 251, "column": 19 }, "end": { "line": 251, "column": null } },
      "86": { "start": { "line": 252, "column": 21 }, "end": { "line": 252, "column": null } },
      "87": { "start": { "line": 253, "column": 21 }, "end": { "line": 253, "column": null } },
      "88": { "start": { "line": 254, "column": 23 }, "end": { "line": 254, "column": null } },
      "89": { "start": { "line": 256, "column": 19 }, "end": { "line": 256, "column": null } },
      "90": { "start": { "line": 257, "column": 19 }, "end": { "line": 257, "column": null } },
      "91": { "start": { "line": 258, "column": 17 }, "end": { "line": 258, "column": null } },
      "92": { "start": { "line": 260, "column": 2 }, "end": { "line": 280, "column": null } },
      "93": { "start": { "line": 260, "column": 15 }, "end": { "line": 260, "column": 18 } },
      "94": { "start": { "line": 261, "column": 19 }, "end": { "line": 261, "column": null } },
      "95": { "start": { "line": 262, "column": 19 }, "end": { "line": 262, "column": null } },
      "96": { "start": { "line": 264, "column": 4 }, "end": { "line": 279, "column": null } },
      "97": { "start": { "line": 265, "column": 6 }, "end": { "line": 265, "column": null } },
      "98": { "start": { "line": 266, "column": 6 }, "end": { "line": 266, "column": null } },
      "99": { "start": { "line": 267, "column": 11 }, "end": { "line": 279, "column": null } },
      "100": { "start": { "line": 268, "column": 6 }, "end": { "line": 268, "column": null } },
      "101": { "start": { "line": 269, "column": 6 }, "end": { "line": 269, "column": null } },
      "102": { "start": { "line": 270, "column": 11 }, "end": { "line": 279, "column": null } },
      "103": { "start": { "line": 271, "column": 36 }, "end": { "line": 271, "column": null } },
      "104": { "start": { "line": 272, "column": 6 }, "end": { "line": 272, "column": null } },
      "105": { "start": { "line": 272, "column": 32 }, "end": { "line": 272, "column": null } },
      "106": { "start": { "line": 273, "column": 6 }, "end": { "line": 273, "column": null } },
      "107": { "start": { "line": 273, "column": 32 }, "end": { "line": 273, "column": null } },
      "108": { "start": { "line": 274, "column": 6 }, "end": { "line": 274, "column": null } },
      "109": { "start": { "line": 275, "column": 6 }, "end": { "line": 275, "column": null } },
      "110": { "start": { "line": 277, "column": 6 }, "end": { "line": 277, "column": null } },
      "111": { "start": { "line": 278, "column": 6 }, "end": { "line": 278, "column": null } },
      "112": { "start": { "line": 283, "column": 2 }, "end": { "line": 286, "column": null } },
      "113": { "start": { "line": 284, "column": 18 }, "end": { "line": 284, "column": null } },
      "114": { "start": { "line": 285, "column": 4 }, "end": { "line": 285, "column": null } },
      "115": { "start": { "line": 288, "column": 2 }, "end": { "line": 288, "column": null } },
      "116": { "start": { "line": 295, "column": 29 }, "end": { "line": 295, "column": null } },
      "117": { "start": { "line": 305, "column": 2 }, "end": { "line": 314, "column": null } },
      "118": { "start": { "line": 306, "column": 4 }, "end": { "line": 313, "column": null } },
      "119": { "start": { "line": 316, "column": 2 }, "end": { "line": 325, "column": null } },
      "120": { "start": { "line": 317, "column": 4 }, "end": { "line": 324, "column": null } },
      "121": { "start": { "line": 328, "column": 19 }, "end": { "line": 328, "column": null } },
      "122": { "start": { "line": 330, "column": 4 }, "end": { "line": 330, "column": null } },
      "123": { "start": { "line": 333, "column": 18 }, "end": { "line": 333, "column": null } },
      "124": { "start": { "line": 334, "column": 18 }, "end": { "line": 334, "column": null } },
      "125": { "start": { "line": 335, "column": 25 }, "end": { "line": 335, "column": null } },
      "126": { "start": { "line": 337, "column": 29 }, "end": { "line": 348, "column": null } },
      "127": { "start": { "line": 351, "column": 20 }, "end": { "line": 351, "column": null } },
      "128": { "start": { "line": 352, "column": 20 }, "end": { "line": 352, "column": null } },
      "129": { "start": { "line": 354, "column": 2 }, "end": { "line": 366, "column": null } },
      "130": { "start": { "line": 355, "column": 4 }, "end": { "line": 362, "column": null } },
      "131": { "start": { "line": 356, "column": 25 }, "end": { "line": 356, "column": null } },
      "132": { "start": { "line": 357, "column": 25 }, "end": { "line": 357, "column": null } },
      "133": { "start": { "line": 358, "column": 6 }, "end": { "line": 358, "column": null } },
      "134": { "start": { "line": 359, "column": 6 }, "end": { "line": 359, "column": null } },
      "135": { "start": { "line": 363, "column": 9 }, "end": { "line": 366, "column": null } },
      "136": { "start": { "line": 364, "column": 4 }, "end": { "line": 364, "column": null } },
      "137": { "start": { "line": 365, "column": 4 }, "end": { "line": 365, "column": null } },
      "138": { "start": { "line": 368, "column": 2 }, "end": { "line": 368, "column": null } },
      "139": { "start": { "line": 376, "column": 2 }, "end": { "line": 376, "column": null } },
      "140": { "start": { "line": 376, "column": 34 }, "end": { "line": 376, "column": null } },
      "141": { "start": { "line": 377, "column": 14 }, "end": { "line": 377, "column": null } },
      "142": { "start": { "line": 378, "column": 24 }, "end": { "line": 378, "column": null } },
      "143": { "start": { "line": 379, "column": 2 }, "end": { "line": 381, "column": null } },
      "144": { "start": { "line": 379, "column": 15 }, "end": { "line": 379, "column": 18 } },
      "145": { "start": { "line": 380, "column": 4 }, "end": { "line": 380, "column": null } },
      "146": { "start": { "line": 382, "column": 2 }, "end": { "line": 382, "column": null } },
      "147": { "start": { "line": 390, "column": 13 }, "end": { "line": 390, "column": null } },
      "148": { "start": { "line": 391, "column": 2 }, "end": { "line": 393, "column": null } },
      "149": { "start": { "line": 391, "column": 15 }, "end": { "line": 391, "column": 18 } },
      "150": { "start": { "line": 392, "column": 4 }, "end": { "line": 392, "column": null } },
      "151": { "start": { "line": 394, "column": 2 }, "end": { "line": 394, "column": null } }
    },
    "fnMap": {
      "0": {
        "name": "equalPDFObject",
        "decl": { "start": { "line": 84, "column": 16 }, "end": { "line": 84, "column": null } },
        "loc": { "start": { "line": 88, "column": 11 }, "end": { "line": 90, "column": null } },
        "line": 88
      },
      "1": {
        "name": "equalPDFObjectInternal",
        "decl": { "start": { "line": 92, "column": 9 }, "end": { "line": 92, "column": null } },
        "loc": { "start": { "line": 97, "column": 11 }, "end": { "line": 176, "column": null } },
        "line": 97
      },
      "2": {
        "name": "rawBytesEqual",
        "decl": { "start": { "line": 178, "column": 9 }, "end": { "line": 178, "column": 23 } },
        "loc": { "start": { "line": 178, "column": 62 }, "end": { "line": 184, "column": null } },
        "line": 178
      },
      "3": {
        "name": "diffDictionaries",
        "decl": { "start": { "line": 194, "column": 16 }, "end": { "line": 194, "column": null } },
        "loc": { "start": { "line": 197, "column": 18 }, "end": { "line": 236, "column": null } },
        "line": 197
      },
      "4": {
        "name": "(anonymous_4)",
        "decl": { "start": { "line": 230, "column": 10 }, "end": { "line": 230, "column": 16 } },
        "loc": { "start": { "line": 230, "column": 25 }, "end": { "line": 233, "column": 3 } },
        "line": 230
      },
      "5": {
        "name": "diffArrays",
        "decl": { "start": { "line": 246, "column": 16 }, "end": { "line": 246, "column": null } },
        "loc": { "start": { "line": 249, "column": 13 }, "end": { "line": 289, "column": null } },
        "line": 249
      },
      "6": {
        "name": "(anonymous_6)",
        "decl": { "start": { "line": 283, "column": 10 }, "end": { "line": 283, "column": 16 } },
        "loc": { "start": { "line": 283, "column": 25 }, "end": { "line": 286, "column": 3 } },
        "line": 283
      },
      "7": {
        "name": "diffStreams",
        "decl": { "start": { "line": 301, "column": 16 }, "end": { "line": 301, "column": null } },
        "loc": { "start": { "line": 304, "column": 14 }, "end": { "line": 369, "column": null } },
        "line": 304
      },
      "8": {
        "name": "formatHexPreview",
        "decl": { "start": { "line": 375, "column": 9 }, "end": { "line": 375, "column": 26 } },
        "loc": { "start": { "line": 375, "column": 70 }, "end": { "line": 383, "column": null } },
        "line": 375
      },
      "9": {
        "name": "simpleHash",
        "decl": { "start": { "line": 389, "column": 9 }, "end": { "line": 389, "column": 20 } },
        "loc": { "start": { "line": 389, "column": 46 }, "end": { "line": 395, "column": null } },
        "line": 389
      }
    },
    "branchMap": {
      "0": {
        "loc": { "start": { "line": 87, "column": 2 }, "end": { "line": 87, "column": null } },
        "type": "default-arg",
        "locations": [
          { "start": { "line": 87, "column": 18 }, "end": { "line": 87, "column": null } }
        ],
        "line": 87
      },
      "1": {
        "loc": { "start": { "line": 99, "column": 2 }, "end": { "line": 99, "column": null } },
        "type": "if",
        "locations": [
          { "start": { "line": 99, "column": 2 }, "end": { "line": 99, "column": null } },
          { "start": {}, "end": {} }
        ],
        "line": 99
      },
      "2": {
        "loc": { "start": { "line": 99, "column": 6 }, "end": { "line": 99, "column": 30 } },
        "type": "binary-expr",
        "locations": [
          { "start": { "line": 99, "column": 6 }, "end": { "line": 99, "column": 19 } },
          { "start": { "line": 99, "column": 19 }, "end": { "line": 99, "column": 30 } }
        ],
        "line": 99
      },
      "3": {
        "loc": { "start": { "line": 101, "column": 2 }, "end": { "line": 101, "column": null } },
        "type": "if",
        "locations": [
          { "start": { "line": 101, "column": 2 }, "end": { "line": 101, "column": null } },
          { "start": {}, "end": {} }
        ],
        "line": 101
      },
      "4": {
        "loc": { "start": { "line": 101, "column": 6 }, "end": { "line": 101, "column": 30 } },
        "type": "binary-expr",
        "locations": [
          { "start": { "line": 101, "column": 6 }, "end": { "line": 101, "column": 19 } },
          { "start": { "line": 101, "column": 19 }, "end": { "line": 101, "column": 30 } }
        ],
        "line": 101
      },
      "5": {
        "loc": { "start": { "line": 104, "column": 2 }, "end": { "line": 104, "column": null } },
        "type": "if",
        "locations": [
          { "start": { "line": 104, "column": 2 }, "end": { "line": 104, "column": null } },
          { "start": {}, "end": {} }
        ],
        "line": 104
      },
      "6": {
        "loc": { "start": { "line": 106, "column": 2 }, "end": { "line": 106, "column": null } },
        "type": "if",
        "locations": [
          { "start": { "line": 106, "column": 2 }, "end": { "line": 106, "column": null } },
          { "start": {}, "end": {} }
        ],
        "line": 106
      },
      "7": {
        "loc": { "start": { "line": 108, "column": 2 }, "end": { "line": 108, "column": null } },
        "type": "if",
        "locations": [
          { "start": { "line": 108, "column": 2 }, "end": { "line": 108, "column": null } },
          { "start": {}, "end": {} }
        ],
        "line": 108
      },
      "8": {
        "loc": { "start": { "line": 111, "column": 2 }, "end": { "line": 111, "column": null } },
        "type": "if",
        "locations": [
          { "start": { "line": 111, "column": 2 }, "end": { "line": 111, "column": null } },
          { "start": {}, "end": {} }
        ],
        "line": 111
      },
      "9": {
        "loc": { "start": { "line": 112, "column": 2 }, "end": { "line": 113, "column": null } },
        "type": "if",
        "locations": [
          { "start": { "line": 112, "column": 2 }, "end": { "line": 113, "column": null } },
          { "start": { "line": 113, "column": 7 }, "end": { "line": 113, "column": null } }
        ],
        "line": 112
      },
      "10": {
        "loc": { "start": { "line": 115, "column": 2 }, "end": { "line": 175, "column": null } },
        "type": "switch",
        "locations": [
          { "start": { "line": 116, "column": 4 }, "end": { "line": 117, "column": null } },
          { "start": { "line": 119, "column": 4 }, "end": { "line": 120, "column": null } },
          { "start": { "line": 122, "column": 4 }, "end": { "line": 123, "column": null } },
          { "start": { "line": 125, "column": 4 }, "end": { "line": 125, "column": null } },
          { "start": { "line": 126, "column": 4 }, "end": { "line": 127, "column": null } },
          { "start": { "line": 129, "column": 4 }, "end": { "line": 130, "column": null } },
          { "start": { "line": 132, "column": 4 }, "end": { "line": 135, "column": null } },
          { "start": { "line": 138, "column": 4 }, "end": { "line": 148, "column": null } },
          { "start": { "line": 150, "column": 4 }, "end": { "line": 159, "column": null } },
          { "start": { "line": 161, "column": 4 }, "end": { "line": 171, "column": null } },
          { "start": { "line": 173, "column": 4 }, "end": { "line": 174, "column": null } }
        ],
        "line": 115
      },
      "11": {
        "loc": { "start": { "line": 134, "column": 8 }, "end": { "line": 135, "column": null } },
        "type": "binary-expr",
        "locations": [
          { "start": { "line": 134, "column": 8 }, "end": { "line": 134, "column": null } },
          { "start": { "line": 135, "column": 8 }, "end": { "line": 135, "column": null } }
        ],
        "line": 134
      },
      "12": {
        "loc": { "start": { "line": 141, "column": 6 }, "end": { "line": 141, "column": null } },
        "type": "if",
        "locations": [
          { "start": { "line": 141, "column": 6 }, "end": { "line": 141, "column": null } },
          { "start": {}, "end": {} }
        ],
        "line": 141
      },
      "13": {
        "loc": { "start": { "line": 143, "column": 8 }, "end": { "line": 145, "column": null } },
        "type": "if",
        "locations": [
          { "start": { "line": 143, "column": 8 }, "end": { "line": 145, "column": null } },
          { "start": {}, "end": {} }
        ],
        "line": 143
      },
      "14": {
        "loc": { "start": { "line": 153, "column": 6 }, "end": { "line": 153, "column": null } },
        "type": "if",
        "locations": [
          { "start": { "line": 153, "column": 6 }, "end": { "line": 153, "column": null } },
          { "start": {}, "end": {} }
        ],
        "line": 153
      },
      "15": {
        "loc": { "start": { "line": 156, "column": 8 }, "end": { "line": 156, "column": null } },
        "type": "if",
        "locations": [
          { "start": { "line": 156, "column": 8 }, "end": { "line": 156, "column": null } },
          { "start": {}, "end": {} }
        ],
        "line": 156
      },
      "16": {
        "loc": { "start": { "line": 165, "column": 6 }, "end": { "line": 167, "column": null } },
        "type": "if",
        "locations": [
          { "start": { "line": 165, "column": 6 }, "end": { "line": 167, "column": null } },
          { "start": {}, "end": {} }
        ],
        "line": 165
      },
      "17": {
        "loc": { "start": { "line": 169, "column": 6 }, "end": { "line": 169, "column": null } },
        "type": "if",
        "locations": [
          { "start": { "line": 169, "column": 6 }, "end": { "line": 169, "column": null } },
          { "start": {}, "end": {} }
        ],
        "line": 169
      },
      "18": {
        "loc": { "start": { "line": 179, "column": 2 }, "end": { "line": 179, "column": null } },
        "type": "if",
        "locations": [
          { "start": { "line": 179, "column": 2 }, "end": { "line": 179, "column": null } },
          { "start": {}, "end": {} }
        ],
        "line": 179
      },
      "19": {
        "loc": { "start": { "line": 181, "column": 4 }, "end": { "line": 181, "column": null } },
        "type": "if",
        "locations": [
          { "start": { "line": 181, "column": 4 }, "end": { "line": 181, "column": null } },
          { "start": {}, "end": {} }
        ],
        "line": 181
      },
      "20": {
        "loc": { "start": { "line": 204, "column": 21 }, "end": { "line": 204, "column": null } },
        "type": "binary-expr",
        "locations": [
          { "start": { "line": 204, "column": 21 }, "end": { "line": 204, "column": 41 } },
          { "start": { "line": 204, "column": 41 }, "end": { "line": 204, "column": null } }
        ],
        "line": 204
      },
      "21": {
        "loc": { "start": { "line": 205, "column": 21 }, "end": { "line": 205, "column": null } },
        "type": "binary-expr",
        "locations": [
          { "start": { "line": 205, "column": 21 }, "end": { "line": 205, "column": 41 } },
          { "start": { "line": 205, "column": 41 }, "end": { "line": 205, "column": null } }
        ],
        "line": 205
      },
      "22": {
        "loc": { "start": { "line": 214, "column": 4 }, "end": { "line": 226, "column": null } },
        "type": "if",
        "locations": [
          { "start": { "line": 214, "column": 4 }, "end": { "line": 226, "column": null } },
          { "start": { "line": 217, "column": 11 }, "end": { "line": 226, "column": null } }
        ],
        "line": 214
      },
      "23": {
        "loc": { "start": { "line": 214, "column": 8 }, "end": { "line": 214, "column": 54 } },
        "type": "binary-expr",
        "locations": [
          { "start": { "line": 214, "column": 8 }, "end": { "line": 214, "column": 32 } },
          { "start": { "line": 214, "column": 32 }, "end": { "line": 214, "column": 54 } }
        ],
        "line": 214
      },
      "24": {
        "loc": { "start": { "line": 217, "column": 11 }, "end": { "line": 226, "column": null } },
        "type": "if",
        "locations": [
          { "start": { "line": 217, "column": 11 }, "end": { "line": 226, "column": null } },
          { "start": { "line": 220, "column": 11 }, "end": { "line": 226, "column": null } }
        ],
        "line": 217
      },
      "25": {
        "loc": { "start": { "line": 217, "column": 15 }, "end": { "line": 217, "column": 61 } },
        "type": "binary-expr",
        "locations": [
          { "start": { "line": 217, "column": 15 }, "end": { "line": 217, "column": 39 } },
          { "start": { "line": 217, "column": 39 }, "end": { "line": 217, "column": 61 } }
        ],
        "line": 217
      },
      "26": {
        "loc": { "start": { "line": 220, "column": 11 }, "end": { "line": 226, "column": null } },
        "type": "if",
        "locations": [
          { "start": { "line": 220, "column": 11 }, "end": { "line": 226, "column": null } },
          { "start": { "line": 223, "column": 11 }, "end": { "line": 226, "column": null } }
        ],
        "line": 220
      },
      "27": {
        "loc": { "start": { "line": 232, "column": 12 }, "end": { "line": 232, "column": 35 } },
        "type": "binary-expr",
        "locations": [
          { "start": { "line": 232, "column": 12 }, "end": { "line": 232, "column": 29 } },
          { "start": { "line": 232, "column": 29 }, "end": { "line": 232, "column": 35 } }
        ],
        "line": 232
      },
      "28": {
        "loc": { "start": { "line": 232, "column": 35 }, "end": { "line": 232, "column": null } },
        "type": "binary-expr",
        "locations": [
          { "start": { "line": 232, "column": 35 }, "end": { "line": 232, "column": 52 } },
          { "start": { "line": 232, "column": 52 }, "end": { "line": 232, "column": null } }
        ],
        "line": 232
      },
      "29": {
        "loc": { "start": { "line": 256, "column": 19 }, "end": { "line": 256, "column": null } },
        "type": "binary-expr",
        "locations": [
          { "start": { "line": 256, "column": 19 }, "end": { "line": 256, "column": 36 } },
          { "start": { "line": 256, "column": 36 }, "end": { "line": 256, "column": null } }
        ],
        "line": 256
      },
      "30": {
        "loc": { "start": { "line": 257, "column": 19 }, "end": { "line": 257, "column": null } },
        "type": "binary-expr",
        "locations": [
          { "start": { "line": 257, "column": 19 }, "end": { "line": 257, "column": 36 } },
          { "start": { "line": 257, "column": 36 }, "end": { "line": 257, "column": null } }
        ],
        "line": 257
      },
      "31": {
        "loc": { "start": { "line": 264, "column": 4 }, "end": { "line": 279, "column": null } },
        "type": "if",
        "locations": [
          { "start": { "line": 264, "column": 4 }, "end": { "line": 279, "column": null } },
          { "start": { "line": 267, "column": 11 }, "end": { "line": 279, "column": null } }
        ],
        "line": 264
      },
      "32": {
        "loc": { "start": { "line": 264, "column": 8 }, "end": { "line": 264, "column": 54 } },
        "type": "binary-expr",
        "locations": [
          { "start": { "line": 264, "column": 8 }, "end": { "line": 264, "column": 32 } },
          { "start": { "line": 264, "column": 32 }, "end": { "line": 264, "column": 54 } }
        ],
        "line": 264
      },
      "33": {
        "loc": { "start": { "line": 267, "column": 11 }, "end": { "line": 279, "column": null } },
        "type": "if",
        "locations": [
          { "start": { "line": 267, "column": 11 }, "end": { "line": 279, "column": null } },
          { "start": { "line": 270, "column": 11 }, "end": { "line": 279, "column": null } }
        ],
        "line": 267
      },
      "34": {
        "loc": { "start": { "line": 267, "column": 15 }, "end": { "line": 267, "column": 61 } },
        "type": "binary-expr",
        "locations": [
          { "start": { "line": 267, "column": 15 }, "end": { "line": 267, "column": 39 } },
          { "start": { "line": 267, "column": 39 }, "end": { "line": 267, "column": 61 } }
        ],
        "line": 267
      },
      "35": {
        "loc": { "start": { "line": 270, "column": 11 }, "end": { "line": 279, "column": null } },
        "type": "if",
        "locations": [
          { "start": { "line": 270, "column": 11 }, "end": { "line": 279, "column": null } },
          { "start": { "line": 276, "column": 11 }, "end": { "line": 279, "column": null } }
        ],
        "line": 270
      },
      "36": {
        "loc": { "start": { "line": 272, "column": 6 }, "end": { "line": 272, "column": null } },
        "type": "if",
        "locations": [
          { "start": { "line": 272, "column": 6 }, "end": { "line": 272, "column": null } },
          { "start": {}, "end": {} }
        ],
        "line": 272
      },
      "37": {
        "loc": { "start": { "line": 273, "column": 6 }, "end": { "line": 273, "column": null } },
        "type": "if",
        "locations": [
          { "start": { "line": 273, "column": 6 }, "end": { "line": 273, "column": null } },
          { "start": {}, "end": {} }
        ],
        "line": 273
      },
      "38": {
        "loc": { "start": { "line": 285, "column": 12 }, "end": { "line": 285, "column": 35 } },
        "type": "binary-expr",
        "locations": [
          { "start": { "line": 285, "column": 12 }, "end": { "line": 285, "column": 29 } },
          { "start": { "line": 285, "column": 29 }, "end": { "line": 285, "column": 35 } }
        ],
        "line": 285
      },
      "39": {
        "loc": { "start": { "line": 285, "column": 35 }, "end": { "line": 285, "column": null } },
        "type": "binary-expr",
        "locations": [
[...]
        "type": "default-arg",
        "locations": [
          { "start": { "line": 45, "column": 24 }, "end": { "line": 45, "column": null } }
        ],
        "line": 45
      },
      "1": {
        "loc": { "start": { "line": 52, "column": 2 }, "end": { "line": 54, "column": null } },
        "type": "if",
        "locations": [
          { "start": { "line": 52, "column": 2 }, "end": { "line": 54, "column": null } },
          { "start": {}, "end": {} }
        ],
        "line": 52
      },
      "2": {
        "loc": { "start": { "line": 66, "column": 4 }, "end": { "line": 68, "column": null } },
        "type": "if",
        "locations": [
          { "start": { "line": 66, "column": 4 }, "end": { "line": 68, "column": null } },
          { "start": {}, "end": {} }
        ],
        "line": 66
      },
      "3": {
        "loc": { "start": { "line": 75, "column": 4 }, "end": { "line": 82, "column": null } },
        "type": "if",
        "locations": [
          { "start": { "line": 75, "column": 4 }, "end": { "line": 82, "column": null } },
          { "start": {}, "end": {} }
        ],
        "line": 75
      },
      "4": {
        "loc": { "start": { "line": 76, "column": 6 }, "end": { "line": 79, "column": null } },
        "type": "binary-expr",
        "locations": [
          { "start": { "line": 76, "column": 6 }, "end": { "line": 76, "column": null } },
          { "start": { "line": 77, "column": 6 }, "end": { "line": 77, "column": null } },
          { "start": { "line": 78, "column": 6 }, "end": { "line": 78, "column": null } },
          { "start": { "line": 79, "column": 6 }, "end": { "line": 79, "column": null } }
        ],
        "line": 76
      },
      "5": {
        "loc": { "start": { "line": 83, "column": 31 }, "end": { "line": 83, "column": null } },
        "type": "binary-expr",
        "locations": [
          { "start": { "line": 83, "column": 31 }, "end": { "line": 83, "column": 56 } },
          { "start": { "line": 83, "column": 56 }, "end": { "line": 83, "column": null } }
        ],
        "line": 83
      },
      "6": {
        "loc": { "start": { "line": 84, "column": 45 }, "end": { "line": 84, "column": null } },
        "type": "cond-expr",
        "locations": [
          { "start": { "line": 84, "column": 85 }, "end": { "line": 84, "column": 89 } },
          { "start": { "line": 84, "column": 89 }, "end": { "line": 84, "column": null } }
        ],
        "line": 84
      },
      "7": {
        "loc": { "start": { "line": 84, "column": 45 }, "end": { "line": 84, "column": 85 } },
        "type": "binary-expr",
        "locations": [
          { "start": { "line": 84, "column": 45 }, "end": { "line": 84, "column": 67 } },
          { "start": { "line": 84, "column": 67 }, "end": { "line": 84, "column": 85 } }
        ],
        "line": 84
      },
      "8": {
        "loc": { "start": { "line": 85, "column": 4 }, "end": { "line": 94, "column": null } },
        "type": "if",
        "locations": [
          { "start": { "line": 85, "column": 4 }, "end": { "line": 94, "column": null } },
          { "start": {}, "end": {} }
        ],
        "line": 85
      },
      "9": {
        "loc": { "start": { "line": 86, "column": 7 }, "end": { "line": 89, "column": null } },
        "type": "binary-expr",
        "locations": [
          { "start": { "line": 86, "column": 7 }, "end": { "line": 86, "column": null } },
          { "start": { "line": 87, "column": 9 }, "end": { "line": 87, "column": null } },
          { "start": { "line": 88, "column": 10 }, "end": { "line": 88, "column": null } },
          { "start": { "line": 89, "column": 6 }, "end": { "line": 89, "column": null } }
        ],
        "line": 86
      },
      "10": {
        "loc": { "start": { "line": 96, "column": 4 }, "end": { "line": 96, "column": null } },
        "type": "if",
        "locations": [
          { "start": { "line": 96, "column": 4 }, "end": { "line": 96, "column": null } },
          { "start": {}, "end": {} }
        ],
        "line": 96
      },
      "11": {
        "loc": { "start": { "line": 109, "column": 2 }, "end": { "line": 111, "column": null } },
        "type": "if",
        "locations": [
          { "start": { "line": 109, "column": 2 }, "end": { "line": 111, "column": null } },
          { "start": {}, "end": {} }
        ],
        "line": 109
      },
      "12": {
        "loc": { "start": { "line": 114, "column": 2 }, "end": { "line": 116, "column": null } },
        "type": "if",
        "locations": [
          { "start": { "line": 114, "column": 2 }, "end": { "line": 116, "column": null } },
          { "start": {}, "end": {} }
        ],
        "line": 114
      },
      "13": {
        "loc": { "start": { "line": 129, "column": 2 }, "end": { "line": 135, "column": null } },
        "type": "if",
        "locations": [
          { "start": { "line": 129, "column": 2 }, "end": { "line": 135, "column": null } },
          { "start": {}, "end": {} }
        ],
        "line": 129
      },
      "14": {
        "loc": { "start": { "line": 130, "column": 4 }, "end": { "line": 134, "column": null } },
        "type": "if",
        "locations": [
          { "start": { "line": 130, "column": 4 }, "end": { "line": 134, "column": null } },
          { "start": { "line": 132, "column": 11 }, "end": { "line": 134, "column": null } }
        ],
        "line": 130
      },
      "15": {
        "loc": { "start": { "line": 130, "column": 8 }, "end": { "line": 130, "column": 96 } },
        "type": "binary-expr",
        "locations": [
          { "start": { "line": 130, "column": 8 }, "end": { "line": 130, "column": 37 } },
          { "start": { "line": 130, "column": 37 }, "end": { "line": 130, "column": 76 } },
          { "start": { "line": 130, "column": 76 }, "end": { "line": 130, "column": 96 } }
        ],
        "line": 130
      },
      "16": {
        "loc": { "start": { "line": 156, "column": 2 }, "end": { "line": 160, "column": null } },
        "type": "if",
        "locations": [
          { "start": { "line": 156, "column": 2 }, "end": { "line": 160, "column": null } },
          { "start": {}, "end": {} }
        ],
        "line": 156
      },
      "17": {
        "loc": { "start": { "line": 167, "column": 2 }, "end": { "line": 169, "column": null } },
        "type": "if",
        "locations": [
          { "start": { "line": 167, "column": 2 }, "end": { "line": 169, "column": null } },
          { "start": {}, "end": {} }
        ],
        "line": 167
      },
      "18": {
        "loc": { "start": { "line": 167, "column": 6 }, "end": { "line": 167, "column": 48 } },
        "type": "binary-expr",
        "locations": [
          { "start": { "line": 167, "column": 6 }, "end": { "line": 167, "column": 28 } },
          { "start": { "line": 167, "column": 28 }, "end": { "line": 167, "column": 48 } }
        ],
        "line": 167
      },
      "19": {
        "loc": { "start": { "line": 173, "column": 2 }, "end": { "line": 186, "column": null } },
        "type": "if",
        "locations": [
          { "start": { "line": 173, "column": 2 }, "end": { "line": 186, "column": null } },
          { "start": { "line": 180, "column": 9 }, "end": { "line": 186, "column": null } }
        ],
        "line": 173
      },
      "20": {
        "loc": { "start": { "line": 176, "column": 4 }, "end": { "line": 179, "column": null } },
        "type": "if",
        "locations": [
          { "start": { "line": 176, "column": 4 }, "end": { "line": 179, "column": null } },
          { "start": {}, "end": {} }
        ],
        "line": 176
      },
      "21": {
        "loc": { "start": { "line": 180, "column": 9 }, "end": { "line": 186, "column": null } },
        "type": "if",
        "locations": [
          { "start": { "line": 180, "column": 9 }, "end": { "line": 186, "column": null } },
          { "start": { "line": 183, "column": 9 }, "end": { "line": 186, "column": null } }
        ],
        "line": 180
      },
      "22": {
        "loc": { "start": { "line": 183, "column": 9 }, "end": { "line": 186, "column": null } },
        "type": "if",
        "locations": [
          { "start": { "line": 183, "column": 9 }, "end": { "line": 186, "column": null } },
          { "start": {}, "end": {} }
        ],
        "line": 183
      },
      "23": {
        "loc": { "start": { "line": 188, "column": 2 }, "end": { "line": 202, "column": null } },
        "type": "if",
        "locations": [
          { "start": { "line": 188, "column": 2 }, "end": { "line": 202, "column": null } },
          { "start": { "line": 195, "column": 9 }, "end": { "line": 202, "column": null } }
        ],
        "line": 188
      },
      "24": {
        "loc": { "start": { "line": 195, "column": 9 }, "end": { "line": 202, "column": null } },
        "type": "if",
        "locations": [
          { "start": { "line": 195, "column": 9 }, "end": { "line": 202, "column": null } },
          { "start": {}, "end": {} }
        ],
        "line": 195
      },
      "25": {
        "loc": { "start": { "line": 215, "column": 4 }, "end": { "line": 219, "column": null } },
        "type": "if",
        "locations": [
          { "start": { "line": 215, "column": 4 }, "end": { "line": 219, "column": null } },
          { "start": { "line": 217, "column": 11 }, "end": { "line": 219, "column": null } }
        ],
        "line": 215
      },
      "26": {
        "loc": { "start": { "line": 215, "column": 8 }, "end": { "line": 215, "column": 45 } },
        "type": "binary-expr",
        "locations": [
          { "start": { "line": 215, "column": 8 }, "end": { "line": 215, "column": 30 } },
          { "start": { "line": 215, "column": 30 }, "end": { "line": 215, "column": 45 } }
        ],
        "line": 215
      },
      "27": {
        "loc": { "start": { "line": 222, "column": 2 }, "end": { "line": 224, "column": null } },
        "type": "if",
        "locations": [
          { "start": { "line": 222, "column": 2 }, "end": { "line": 224, "column": null } },
          { "start": {}, "end": {} }
        ],
        "line": 222
      },
      "28": {
        "loc": { "start": { "line": 229, "column": 2 }, "end": { "line": 231, "column": null } },
        "type": "if",
        "locations": [
          { "start": { "line": 229, "column": 2 }, "end": { "line": 231, "column": null } },
          { "start": {}, "end": {} }
        ],
        "line": 229
      },
      "29": {
        "loc": { "start": { "line": 235, "column": 4 }, "end": { "line": 237, "column": null } },
        "type": "if",
        "locations": [
          { "start": { "line": 235, "column": 4 }, "end": { "line": 237, "column": null } },
          { "start": {}, "end": {} }
        ],
        "line": 235
      },
      "30": {
        "loc": { "start": { "line": 235, "column": 8 }, "end": { "line": 235, "column": 46 } },
        "type": "binary-expr",
        "locations": [
          { "start": { "line": 235, "column": 8 }, "end": { "line": 235, "column": 30 } },
          { "start": { "line": 235, "column": 30 }, "end": { "line": 235, "column": 46 } }
        ],
        "line": 235
      },
      "31": {
        "loc": { "start": { "line": 243, "column": 2 }, "end": { "line": 245, "column": null } },
        "type": "if",
        "locations": [
          { "start": { "line": 243, "column": 2 }, "end": { "line": 245, "column": null } },
          { "start": {}, "end": {} }
        ],
        "line": 243
      },
      "32": {
        "loc": { "start": { "line": 243, "column": 6 }, "end": { "line": 243, "column": 94 } },
        "type": "binary-expr",
        "locations": [
          { "start": { "line": 243, "column": 6 }, "end": { "line": 243, "column": 49 } },
          { "start": { "line": 243, "column": 49 }, "end": { "line": 243, "column": 94 } }
        ],
        "line": 243
      }
    },
    "s": {
      "0": 145,
      "1": 145,
      "2": 75,
      "3": 75,
      "4": 75,
      "5": 0,
      "6": 75,
      "7": 75,
      "8": 75,
      "9": 75,
      "10": 147,
      "11": 147,
      "12": 147,
      "13": 70,
      "14": 77,
      "15": 77,
      "16": 77,
      "17": 77,
      "18": 0,
      "19": 76,
      "20": 147,
      "21": 147,
      "22": 3,
      "23": 73,
      "24": 73,
      "25": 6,
      "26": 73,
      "27": 73,
      "28": 189,
      "29": 189,
      "30": 189,
      "31": 70,
      "32": 70,
      "33": 0,
      "34": 70,
      "35": 70,
      "36": 0,
      "37": 69,
      "38": 69,
      "39": 69,
      "40": 69,
      "41": 17,
      "42": 16,
      "43": 1,
      "44": 69,
      "45": 189,
      "46": 189,
      "47": 189,
      "48": 189,
      "49": 189,
      "50": 189,
      "51": 189,
      "52": 1,
      "53": 188,
      "54": 188,
      "55": 188,
      "56": 188,
      "57": 0,
      "58": 188,
      "59": 188,
      "60": 0,
      "61": 0,
      "62": 0,
      "63": 188,
      "64": 188,
      "65": 0,
      "66": 0,
      "67": 188,
      "68": 183,
      "69": 5,
      "70": 5,
      "71": 0,
      "72": 153,
      "73": 153,
      "74": 307,
      "75": 307,
      "76": 154,
      "77": 153,
      "78": 153,
      "79": 1,
      "80": 152,
      "81": 378,
      "82": 0,
      "83": 378,
      "84": 378,
      "85": 378,
      "86": 2835,
      "87": 2835,
      "88": 0,
      "89": 378,
      "90": 377,
      "91": 0
    },
    "f": { "0": 145, "1": 75, "2": 189, "3": 153, "4": 378, "5": 377 },
    "b": {
      "0": [75],
      "1": [0, 75],
      "2": [70, 77],
      "3": [0, 77],
      "4": [77, 76, 76, 76],
      "5": [76, 7],
      "6": [6, 70],
      "7": [147, 7],
      "8": [3, 144],
      "9": [147, 76, 76, 73],
      "10": [6, 67],
      "11": [0, 70],
      "12": [0, 70],
      "13": [17, 52],
      "14": [16, 1],
      "15": [17, 16, 16],
      "16": [1, 188],
      "17": [0, 188],
      "18": [188, 5],
      "19": [0, 188],
      "20": [0, 0],
      "21": [188, 0],
      "22": [0, 0],
      "23": [183, 5],
      "24": [5, 0],
      "25": [154, 153],
      "26": [307, 307],
      "27": [1, 152],
      "28": [0, 378],
      "29": [0, 2835],
      "30": [2835, 2835],
      "31": [0, 377],
      "32": [377, 377]
    },
    "meta": {
      "lastBranch": 33,
      "lastFunction": 6,
      "lastStatement": 92,
      "seen": {
        "f:34:16:34:28": 0,
        "s:35:17:35:Infinity": 0,
        "s:36:2:36:Infinity": 1,
        "f:42:16:42:Infinity": 1,
        "b:45:24:45:Infinity": 0,
        "s:48:17:48:Infinity": 2,
        "s:51:16:51:Infinity": 3,
        "b:52:2:54:Infinity:undefined:undefined:undefined:undefined": 1,
        "s:52:2:54:Infinity": 4,
        "s:53:4:53:Infinity": 5,
        "s:56:18:56:Infinity": 6,
        "s:57:27:57:Infinity": 7,
        "s:58:23:58:Infinity": 8,
        "s:61:2:105:Infinity": 9,
        "s:62:4:62:Infinity": 10,
        "s:65:26:65:Infinity": 11,
        "b:66:4:68:Infinity:undefined:undefined:undefined:undefined": 2,
        "s:66:4:68:Infinity": 12,
        "s:67:6:67:Infinity": 13,
        "s:71:28:71:Infinity": 14,
        "s:72:4:72:Infinity": 15,
        "s:73:28:73:Infinity": 16,
        "b:75:4:82:Infinity:undefined:undefined:undefined:undefined": 3,
        "s:75:4:82:Infinity": 17,
        "b:76:6:76:Infinity:77:6:77:Infinity:78:6:78:Infinity:79:6:79:Infinity": 4,
        "s:81:6:81:Infinity": 18,
        "s:83:31:83:Infinity": 19,
        "b:83:31:83:56:83:56:83:Infinity": 5,
        "s:84:26:84:Infinity": 20,
        "b:84:85:84:89:84:89:84:Infinity": 6,
        "b:84:45:84:67:84:67:84:85": 7,
        "b:85:4:94:Infinity:undefined:undefined:undefined:undefined": 8,
        "s:85:4:94:Infinity": 21,
        "b:86:7:86:Infinity:87:9:87:Infinity:88:10:88:Infinity:89:6:89:Infinity": 9,
        "s:91:6:93:Infinity": 22,
        "s:95:4:95:Infinity": 23,
        "b:96:4:96:Infinity:undefined:undefined:undefined:undefined": 10,
        "s:96:4:96:Infinity": 24,
        "s:96:28:96:Infinity": 25,
        "s:99:4:104:Infinity": 26,
        "s:99:17:99:20": 27,
        "s:100:6:100:Infinity": 28,
        "s:102:20:102:Infinity": 29,
        "s:103:6:103:Infinity": 30,
        "s:108:23:108:Infinity": 31,
        "b:109:2:111:Infinity:undefined:undefined:undefined:undefined": 11,
        "s:109:2:111:Infinity": 32,
        "s:110:4:110:Infinity": 33,
        "s:113:21:113:Infinity": 34,
        "b:114:2:116:Infinity:undefined:undefined:undefined:undefined": 12,
        "s:114:2:116:Infinity": 35,
        "s:115:4:115:Infinity": 36,
        "s:118:18:118:Infinity": 37,
        "s:121:18:121:Infinity": 38,
        "s:123:31:127:Infinity": 39,
        "b:129:2:135:Infinity:undefined:undefined:undefined:undefined": 13,
        "s:129:2:135:Infinity": 40,
        "b:130:4:134:Infinity:132:11:134:Infinity": 14,
        "s:130:4:134:Infinity": 41,
        "b:130:8:130:37:130:37:130:76:130:76:130:96": 15,
        "s:131:6:131:Infinity": 42,
        "s:133:6:133:Infinity": 43,
        "s:137:2:137:Infinity": 44,
        "f:143:9:143:24": 2,
        "s:146:17:146:Infinity": 45,
        "s:147:2:147:Infinity": 46,
        "s:149:2:149:Infinity": 47,
        "s:150:2:150:Infinity": 48,
        "s:153:21:153:Infinity": 49,
        "s:154:2:154:Infinity": 50,
        "b:156:2:160:Infinity:undefined:undefined:undefined:undefined": 16,
        "s:156:2:160:Infinity": 51,
        "s:157:4:159:Infinity": 52,
        "s:162:2:162:Infinity": 53,
        "s:163:2:163:Infinity": 54,
        "s:166:20:166:Infinity": 55,
        "b:167:2:169:Infinity:undefined:undefined:undefined:undefined": 17,
        "s:167:2:169:Infinity": 56,
        "b:167:6:167:28:167:28:167:48": 18,
        "s:168:4:168:Infinity": 57,
        "s:170:2:170:Infinity": 58,
        "b:173:2:186:Infinity:180:9:186:Infinity": 19,
        "s:173:2:186:Infinity": 59,
        "s:175:4:175:Infinity": 60,
        "b:176:4:179:Infinity:undefined:undefined:undefined:undefined": 20,
        "s:176:4:179:Infinity": 61,
        "s:178:6:178:Infinity": 62,
        "b:180:9:186:Infinity:183:9:186:Infinity": 21,
        "s:180:9:186:Infinity": 63,
        "s:182:4:182:Infinity": 64,
        "b:183:9:186:Infinity:undefined:undefined:undefined:undefined": 22,
        "s:183:9:186:Infinity": 65,
        "s:185:4:185:Infinity": 66,
        "b:188:2:202:Infinity:195:9:202:Infinity": 23,
        "s:188:2:202:Infinity": 67,
        "s:190:4:194:Infinity": 68,
        "b:195:9:202:Infinity:undefined:undefined:undefined:undefined": 24,
        "s:195:9:202:Infinity": 69,
        "s:197:4:201:Infinity": 70,
        "s:204:2:204:Infinity": 71,
        "f:210:9:210:20": 3,
        "s:211:16:211:Infinity": 72,
        "s:213:2:220:Infinity": 73,
        "s:214:17:214:Infinity": 74,
        "b:215:4:219:Infinity:217:11:219:Infinity": 25,
        "s:215:4:219:Infinity": 75,
        "b:215:8:215:30:215:30:215:45": 26,
        "s:216:6:216:Infinity": 76,
        "s:218:6:218:Infinity": 77,
        "b:222:2:224:Infinity:undefined:undefined:undefined:undefined": 27,
        "s:222:2:224:Infinity": 78,
        "s:223:4:223:Infinity": 79,
        "s:225:2:225:Infinity": 80,
        "f:228:9:228:25": 4,
        "b:229:2:231:Infinity:undefined:undefined:undefined:undefined": 28,
        "s:229:2:231:Infinity": 81,
        "s:230:4:230:Infinity": 82,
        "s:232:16:232:Infinity": 83,
        "s:233:2:238:Infinity": 84,
        "s:233:15:233:18": 85,
        "s:234:17:234:Infinity": 86,
        "b:235:4:237:Infinity:undefined:undefined:undefined:undefined": 29,
        "s:235:4:237:Infinity": 87,
        "b:235:8:235:30:235:30:235:46": 30,
        "s:236:6:236:Infinity": 88,
        "s:239:2:239:Infinity": 89,
        "f:242:9:242:21": 5,
        "b:243:2:245:Infinity:undefined:undefined:undefined:undefined": 31,
        "s:243:2:245:Infinity": 90,
        "b:243:6:243:49:243:49:243:94": 32,
        "s:244:4:244:Infinity": 91
      },
      "fnNames": {}
    }
  }
}
